2019-10-25 13:38:31.544  INFO 29215 --- [main] o.s.s.outreach.OutReachApplication       : Starting OutReachApplication v2.0.0 on coms-309-ss-8.misc.iastate.edu with PID 29215 (/home/public/Ye3Updated2/spring-petclinic-2.0.0.war started by kschrock in /home/public/Ye3Updated2)
2019-10-25 13:38:31.578  INFO 29215 --- [main] o.s.s.outreach.OutReachApplication       : No active profile set, falling back to default profiles: default
2019-10-25 13:38:31.998  INFO 29215 --- [main] ConfigServletWebServerApplicationContext : Refreshing org.springframework.boot.web.servlet.context.AnnotationConfigServletWebServerApplicationContext@768debd: startup date [Fri Oct 25 13:38:31 CDT 2019]; root of context hierarchy
2019-10-25 13:38:36.789  INFO 29215 --- [main] trationDelegate$BeanPostProcessorChecker : Bean 'org.springframework.transaction.annotation.ProxyTransactionManagementConfiguration' of type [org.springframework.transaction.annotation.ProxyTransactionManagementConfiguration$$EnhancerBySpringCGLIB$$29abebde] is not eligible for getting processed by all BeanPostProcessors (for example: not eligible for auto-proxying)
2019-10-25 13:38:37.505  INFO 29215 --- [main] o.s.b.w.embedded.tomcat.TomcatWebServer  : Tomcat initialized with port(s): 8080 (http)
2019-10-25 13:38:37.554  INFO 29215 --- [main] o.apache.catalina.core.StandardService   : Starting service [Tomcat]
2019-10-25 13:38:37.555  INFO 29215 --- [main] org.apache.catalina.core.StandardEngine  : Starting Servlet Engine: Apache Tomcat/8.5.28
2019-10-25 13:38:37.572  INFO 29215 --- [localhost-startStop-1] o.a.catalina.core.AprLifecycleListener   : The APR based Apache Tomcat Native library which allows optimal performance in production environments was not found on the java.library.path: [/usr/java/packages/lib/amd64:/usr/lib64:/lib64:/lib:/usr/lib]
2019-10-25 13:38:41.020  INFO 29215 --- [localhost-startStop-1] org.apache.jasper.servlet.TldScanner     : At least one JAR was scanned for TLDs yet contained no TLDs. Enable debug logging for this logger for a complete list of JARs that were scanned but no TLDs were found in them. Skipping unneeded JARs during scanning can improve startup time and JSP compilation time.
2019-10-25 13:38:41.955  INFO 29215 --- [localhost-startStop-1] o.a.c.c.C.[Tomcat].[localhost].[/]       : Initializing Spring embedded WebApplicationContext
2019-10-25 13:38:41.956  INFO 29215 --- [localhost-startStop-1] o.s.web.context.ContextLoader            : Root WebApplicationContext: initialization completed in 9958 ms
2019-10-25 13:38:43.461  INFO 29215 --- [localhost-startStop-1] o.s.b.w.servlet.ServletRegistrationBean  : Servlet dispatcherServlet mapped to [/]
2019-10-25 13:38:43.469  INFO 29215 --- [localhost-startStop-1] o.s.b.w.servlet.FilterRegistrationBean   : Mapping filter: 'characterEncodingFilter' to: [/*]
2019-10-25 13:38:43.470  INFO 29215 --- [localhost-startStop-1] o.s.b.w.servlet.FilterRegistrationBean   : Mapping filter: 'hiddenHttpMethodFilter' to: [/*]
2019-10-25 13:38:43.471  INFO 29215 --- [localhost-startStop-1] o.s.b.w.servlet.FilterRegistrationBean   : Mapping filter: 'httpPutFormContentFilter' to: [/*]
2019-10-25 13:38:43.471  INFO 29215 --- [localhost-startStop-1] o.s.b.w.servlet.FilterRegistrationBean   : Mapping filter: 'requestContextFilter' to: [/*]
2019-10-25 13:38:43.471  INFO 29215 --- [localhost-startStop-1] o.s.b.w.servlet.FilterRegistrationBean   : Mapping filter: 'httpTraceFilter' to: [/*]
2019-10-25 13:38:43.471  INFO 29215 --- [localhost-startStop-1] o.s.b.w.servlet.FilterRegistrationBean   : Mapping filter: 'webMvcMetricsFilter' to: [/*]
2019-10-25 13:38:43.786  INFO 29215 --- [main] com.zaxxer.hikari.HikariDataSource       : HikariPool-1 - Starting...
2019-10-25 13:38:44.200  INFO 29215 --- [main] com.zaxxer.hikari.HikariDataSource       : HikariPool-1 - Start completed.
2019-10-25 13:38:44.294  INFO 29215 --- [main] j.LocalContainerEntityManagerFactoryBean : Building JPA container EntityManagerFactory for persistence unit 'default'
2019-10-25 13:38:44.320  INFO 29215 --- [main] o.hibernate.jpa.internal.util.LogHelper  : HHH000204: Processing PersistenceUnitInfo [
	name: default
	...]
2019-10-25 13:38:44.619  INFO 29215 --- [main] org.hibernate.Version                    : HHH000412: Hibernate Core {5.2.14.Final}
2019-10-25 13:38:44.624  INFO 29215 --- [main] org.hibernate.cfg.Environment            : HHH000206: hibernate.properties not found
2019-10-25 13:38:44.723  INFO 29215 --- [main] o.hibernate.annotations.common.Version   : HCANN000001: Hibernate Commons Annotations {5.0.1.Final}
2019-10-25 13:38:45.044  INFO 29215 --- [main] org.hibernate.dialect.Dialect            : HHH000400: Using dialect: org.hibernate.dialect.MySQL5Dialect
2019-10-25 13:38:46.177  INFO 29215 --- [main] o.h.t.schema.internal.SchemaCreatorImpl  : HHH000476: Executing import script 'org.hibernate.tool.schema.internal.exec.ScriptSourceInputNonExistentImpl@7d7758be'
2019-10-25 13:38:46.182  INFO 29215 --- [main] j.LocalContainerEntityManagerFactoryBean : Initialized JPA EntityManagerFactory for persistence unit 'default'
2019-10-25 13:38:48.418  INFO 29215 --- [main] s.w.s.m.m.a.RequestMappingHandlerAdapter : Looking for @ControllerAdvice: org.springframework.boot.web.servlet.context.AnnotationConfigServletWebServerApplicationContext@768debd: startup date [Fri Oct 25 13:38:31 CDT 2019]; root of context hierarchy
2019-10-25 13:38:48.538  WARN 29215 --- [main] aWebConfiguration$JpaWebMvcConfiguration : spring.jpa.open-in-view is enabled by default. Therefore, database queries may be performed during view rendering. Explicitly configure spring.jpa.open-in-view to disable this warning
2019-10-25 13:38:48.613  INFO 29215 --- [main] s.w.s.m.m.a.RequestMappingHandlerMapping : Mapped "{[/product/{company}/{ id}/{ quant}],methods=[GET]}" onto public java.util.Map<java.lang.String, java.lang.String> org.springframework.samples.outreach.qr.QRController.setQuantity(java.lang.String,java.lang.String,java.lang.String)
2019-10-25 13:38:48.617  INFO 29215 --- [main] s.w.s.m.m.a.RequestMappingHandlerMapping : Mapped "{[/product/{company}/{id}],methods=[POST]}" onto public java.util.HashMap<java.lang.String, java.lang.String> org.springframework.samples.outreach.qr.QRController.findCode(java.lang.String,java.lang.String)
2019-10-25 13:38:48.618  INFO 29215 --- [main] s.w.s.m.m.a.RequestMappingHandlerMapping : Mapped "{[/product/qrcode/{id}],methods=[GET]}" onto public void org.springframework.samples.outreach.qr.QRController.qrcode(java.lang.String,javax.servlet.http.HttpServletResponse) throws java.lang.Exception
2019-10-25 13:38:48.620  INFO 29215 --- [main] s.w.s.m.m.a.RequestMappingHandlerMapping : Mapped "{[/product],methods=[GET]}" onto public java.lang.String org.springframework.samples.outreach.qr.QRController.index(org.springframework.ui.ModelMap)
2019-10-25 13:38:48.622  INFO 29215 --- [main] s.w.s.m.m.a.RequestMappingHandlerMapping : Mapped "{[/owners/deleteall],methods=[POST]}" onto public void org.springframework.samples.outreach.owner.OwnerController.deleteAll()
2019-10-25 13:38:48.622  INFO 29215 --- [main] s.w.s.m.m.a.RequestMappingHandlerMapping : Mapped "{[/owners/add],methods=[POST]}" onto public java.lang.String org.springframework.samples.outreach.owner.OwnerController.createEmployee(org.springframework.samples.outreach.owner.Owners)
2019-10-25 13:38:48.623  INFO 29215 --- [main] s.w.s.m.m.a.RequestMappingHandlerMapping : Mapped "{[/owners/addpoints/{points}/{username}],methods=[POST]}" onto public java.util.HashMap<java.lang.String, java.lang.String> org.springframework.samples.outreach.owner.OwnerController.addPoints(int,java.lang.String)
2019-10-25 13:38:48.625  INFO 29215 --- [main] s.w.s.m.m.a.RequestMappingHandlerMapping : Mapped "{[/owners],methods=[GET]}" onto public java.util.List<org.springframework.samples.outreach.owner.Owners> org.springframework.samples.outreach.owner.OwnerController.getAllOwners()
2019-10-25 13:38:48.626  INFO 29215 --- [main] s.w.s.m.m.a.RequestMappingHandlerMapping : Mapped "{[/owners/{username}],methods=[GET]}" onto public org.springframework.samples.outreach.owner.Owners org.springframework.samples.outreach.owner.OwnerController.findOwnerById(java.lang.String)
2019-10-25 13:38:48.628  INFO 29215 --- [main] s.w.s.m.m.a.RequestMappingHandlerMapping : Mapped "{[/owners/login/{username}/{password}],methods=[GET]}" onto public java.util.Map<java.lang.String, java.lang.String> org.springframework.samples.outreach.owner.OwnerController.loginOwner(java.lang.String,java.lang.String)
2019-10-25 13:38:48.628  INFO 29215 --- [main] s.w.s.m.m.a.RequestMappingHandlerMapping : Mapped "{[/owners/delete/{id}],methods=[POST]}" onto public void org.springframework.samples.outreach.owner.OwnerController.deleteEmployeeById(int) throws java.lang.Exception
2019-10-25 13:38:48.630  INFO 29215 --- [main] s.w.s.m.m.a.RequestMappingHandlerMapping : Mapped "{[/Work],methods=[GET]}" onto public java.lang.Iterable<org.springframework.samples.outreach.qr.Product> org.springframework.samples.outreach.qr.FrontQRController.getAllCodes()
2019-10-25 13:38:48.631  INFO 29215 --- [main] s.w.s.m.m.a.RequestMappingHandlerMapping : Mapped "{[/{company}/{ id}/{ quant}],methods=[POST]}" onto public java.util.Map<java.lang.String, java.lang.String> org.springframework.samples.outreach.qr.FrontQRController.setQuantity(java.lang.String,java.lang.String,java.lang.String)
2019-10-25 13:38:48.632  INFO 29215 --- [main] s.w.s.m.m.a.RequestMappingHandlerMapping : Mapped "{[/{company}/{id}],methods=[GET]}" onto public java.util.HashMap<java.lang.String, java.lang.String> org.springframework.samples.outreach.qr.FrontQRController.findCode(java.lang.String,java.lang.String)
2019-10-25 13:38:48.647  INFO 29215 --- [main] s.w.s.m.m.a.RequestMappingHandlerMapping : Mapped "{[/error],produces=[text/html]}" onto public org.springframework.web.servlet.ModelAndView org.springframework.boot.autoconfigure.web.servlet.error.BasicErrorController.errorHtml(javax.servlet.http.HttpServletRequest,javax.servlet.http.HttpServletResponse)
2019-10-25 13:38:48.648  INFO 29215 --- [main] s.w.s.m.m.a.RequestMappingHandlerMapping : Mapped "{[/error]}" onto public org.springframework.http.ResponseEntity<java.util.Map<java.lang.String, java.lang.Object>> org.springframework.boot.autoconfigure.web.servlet.error.BasicErrorController.error(javax.servlet.http.HttpServletRequest)
2019-10-25 13:38:48.802  INFO 29215 --- [main] o.s.w.s.handler.SimpleUrlHandlerMapping  : Mapped URL path [/webjars/**] onto handler of type [class org.springframework.web.servlet.resource.ResourceHttpRequestHandler]
2019-10-25 13:38:48.803  INFO 29215 --- [main] o.s.w.s.handler.SimpleUrlHandlerMapping  : Mapped URL path [/resources/**] onto handler of type [class org.springframework.web.servlet.resource.ResourceHttpRequestHandler]
2019-10-25 13:38:49.035  INFO 29215 --- [main] o.s.w.s.handler.SimpleUrlHandlerMapping  : Mapped URL path [/**/favicon.ico] onto handler of type [class org.springframework.web.servlet.resource.ResourceHttpRequestHandler]
2019-10-25 13:38:50.368  INFO 29215 --- [main] s.b.a.e.w.s.WebMvcEndpointHandlerMapping : Mapped "{[/actuator/health],methods=[GET],produces=[application/vnd.spring-boot.actuator.v2+json || application/json]}" onto public java.lang.Object org.springframework.boot.actuate.endpoint.web.servlet.AbstractWebMvcEndpointHandlerMapping$OperationHandler.handle(javax.servlet.http.HttpServletRequest,java.util.Map<java.lang.String, java.lang.String>)
2019-10-25 13:38:50.371  INFO 29215 --- [main] s.b.a.e.w.s.WebMvcEndpointHandlerMapping : Mapped "{[/actuator/info],methods=[GET],produces=[application/vnd.spring-boot.actuator.v2+json || application/json]}" onto public java.lang.Object org.springframework.boot.actuate.endpoint.web.servlet.AbstractWebMvcEndpointHandlerMapping$OperationHandler.handle(javax.servlet.http.HttpServletRequest,java.util.Map<java.lang.String, java.lang.String>)
2019-10-25 13:38:50.374  INFO 29215 --- [main] s.b.a.e.w.s.WebMvcEndpointHandlerMapping : Mapped "{[/actuator],methods=[GET],produces=[application/vnd.spring-boot.actuator.v2+json || application/json]}" onto protected java.util.Map<java.lang.String, java.util.Map<java.lang.String, org.springframework.boot.actuate.endpoint.web.Link>> org.springframework.boot.actuate.endpoint.web.servlet.WebMvcEndpointHandlerMapping.links(javax.servlet.http.HttpServletRequest,javax.servlet.http.HttpServletResponse)
2019-10-25 13:38:50.910  INFO 29215 --- [main] o.s.j.e.a.AnnotationMBeanExporter        : Registering beans for JMX exposure on startup
2019-10-25 13:38:50.916  INFO 29215 --- [main] o.s.j.e.a.AnnotationMBeanExporter        : Bean with name 'dataSource' has been autodetected for JMX exposure
2019-10-25 13:38:50.963  INFO 29215 --- [main] o.s.j.e.a.AnnotationMBeanExporter        : Located MBean 'dataSource': registering with JMX server as MBean [com.zaxxer.hikari:name=dataSource,type=HikariDataSource]
2019-10-25 13:38:51.103 ERROR 29215 --- [main] o.apache.catalina.core.StandardService   : Failed to start connector [Connector[HTTP/1.1-8080]]

org.apache.catalina.LifecycleException: Failed to start component [Connector[HTTP/1.1-8080]]
	at org.apache.catalina.util.LifecycleBase.start(LifecycleBase.java:167) ~[tomcat-embed-core-8.5.28.jar!/:8.5.28]
	at org.apache.catalina.core.StandardService.addConnector(StandardService.java:225) ~[tomcat-embed-core-8.5.28.jar!/:8.5.28]
	at org.springframework.boot.web.embedded.tomcat.TomcatWebServer.addPreviouslyRemovedConnectors(TomcatWebServer.java:255) [spring-boot-2.0.0.BUILD-SNAPSHOT.jar!/:2.0.0.BUILD-SNAPSHOT]
	at org.springframework.boot.web.embedded.tomcat.TomcatWebServer.start(TomcatWebServer.java:197) [spring-boot-2.0.0.BUILD-SNAPSHOT.jar!/:2.0.0.BUILD-SNAPSHOT]
	at org.springframework.boot.web.servlet.context.ServletWebServerApplicationContext.startWebServer(ServletWebServerApplicationContext.java:300) [spring-boot-2.0.0.BUILD-SNAPSHOT.jar!/:2.0.0.BUILD-SNAPSHOT]
	at org.springframework.boot.web.servlet.context.ServletWebServerApplicationContext.finishRefresh(ServletWebServerApplicationContext.java:162) [spring-boot-2.0.0.BUILD-SNAPSHOT.jar!/:2.0.0.BUILD-SNAPSHOT]
	at org.springframework.context.support.AbstractApplicationContext.refresh(AbstractApplicationContext.java:552) [spring-context-5.0.4.RELEASE.jar!/:5.0.4.RELEASE]
	at org.springframework.boot.web.servlet.context.ServletWebServerApplicationContext.refresh(ServletWebServerApplicationContext.java:140) [spring-boot-2.0.0.BUILD-SNAPSHOT.jar!/:2.0.0.BUILD-SNAPSHOT]
	at org.springframework.boot.SpringApplication.refresh(SpringApplication.java:752) [spring-boot-2.0.0.BUILD-SNAPSHOT.jar!/:2.0.0.BUILD-SNAPSHOT]
	at org.springframework.boot.SpringApplication.refreshContext(SpringApplication.java:388) [spring-boot-2.0.0.BUILD-SNAPSHOT.jar!/:2.0.0.BUILD-SNAPSHOT]
	at org.springframework.boot.SpringApplication.run(SpringApplication.java:327) [spring-boot-2.0.0.BUILD-SNAPSHOT.jar!/:2.0.0.BUILD-SNAPSHOT]
	at org.springframework.boot.SpringApplication.run(SpringApplication.java:1246) [spring-boot-2.0.0.BUILD-SNAPSHOT.jar!/:2.0.0.BUILD-SNAPSHOT]
	at org.springframework.boot.SpringApplication.run(SpringApplication.java:1234) [spring-boot-2.0.0.BUILD-SNAPSHOT.jar!/:2.0.0.BUILD-SNAPSHOT]
	at org.springframework.samples.outreach.OutReachApplication.main(OutReachApplication.java:31) [classes!/:2.0.0]
	at sun.reflect.NativeMethodAccessorImpl.invoke0(Native Method) ~[na:1.8.0_222]
	at sun.reflect.NativeMethodAccessorImpl.invoke(NativeMethodAccessorImpl.java:62) ~[na:1.8.0_222]
	at sun.reflect.DelegatingMethodAccessorImpl.invoke(DelegatingMethodAccessorImpl.java:43) ~[na:1.8.0_222]
	at java.lang.reflect.Method.invoke(Method.java:498) ~[na:1.8.0_222]
	at org.springframework.boot.loader.MainMethodRunner.run(MainMethodRunner.java:48) [spring-petclinic-2.0.0.war:2.0.0]
	at org.springframework.boot.loader.Launcher.launch(Launcher.java:87) [spring-petclinic-2.0.0.war:2.0.0]
	at org.springframework.boot.loader.Launcher.launch(Launcher.java:50) [spring-petclinic-2.0.0.war:2.0.0]
	at org.springframework.boot.loader.WarLauncher.main(WarLauncher.java:58) [spring-petclinic-2.0.0.war:2.0.0]
Caused by: org.apache.catalina.LifecycleException: Protocol handler start failed
	at org.apache.catalina.connector.Connector.startInternal(Connector.java:1021) ~[tomcat-embed-core-8.5.28.jar!/:8.5.28]
	at org.apache.catalina.util.LifecycleBase.start(LifecycleBase.java:150) ~[tomcat-embed-core-8.5.28.jar!/:8.5.28]
	... 21 common frames omitted
Caused by: java.net.BindException: Address already in use
	at sun.nio.ch.Net.bind0(Native Method) ~[na:1.8.0_222]
	at sun.nio.ch.Net.bind(Net.java:433) ~[na:1.8.0_222]
	at sun.nio.ch.Net.bind(Net.java:425) ~[na:1.8.0_222]
	at sun.nio.ch.ServerSocketChannelImpl.bind(ServerSocketChannelImpl.java:223) ~[na:1.8.0_222]
	at sun.nio.ch.ServerSocketAdaptor.bind(ServerSocketAdaptor.java:74) ~[na:1.8.0_222]
	at org.apache.tomcat.util.net.NioEndpoint.bind(NioEndpoint.java:210) ~[tomcat-embed-core-8.5.28.jar!/:8.5.28]
	at org.apache.tomcat.util.net.AbstractEndpoint.start(AbstractEndpoint.java:1150) ~[tomcat-embed-core-8.5.28.jar!/:8.5.28]
	at org.apache.coyote.AbstractProtocol.start(AbstractProtocol.java:591) ~[tomcat-embed-core-8.5.28.jar!/:8.5.28]
	at org.apache.catalina.connector.Connector.startInternal(Connector.java:1018) ~[tomcat-embed-core-8.5.28.jar!/:8.5.28]
	... 22 common frames omitted

2019-10-25 13:38:51.156  INFO 29215 --- [main] o.apache.catalina.core.StandardService   : Stopping service [Tomcat]
2019-10-25 13:38:51.221  INFO 29215 --- [main] ConditionEvaluationReportLoggingListener : 

Error starting ApplicationContext. To display the conditions report re-run your application with 'debug' enabled.
2019-10-25 13:38:51.233 ERROR 29215 --- [main] o.s.b.d.LoggingFailureAnalysisReporter   : 

***************************
APPLICATION FAILED TO START
***************************

Description:

The Tomcat connector configured to listen on port 8080 failed to start. The port may already be in use or the connector may be misconfigured.

Action:

Verify the connector's configuration, identify and stop any process that's listening on port 8080, or configure this application to listen on another port.

2019-10-25 13:38:51.247  INFO 29215 --- [main] ConfigServletWebServerApplicationContext : Closing org.springframework.boot.web.servlet.context.AnnotationConfigServletWebServerApplicationContext@768debd: startup date [Fri Oct 25 13:38:31 CDT 2019]; root of context hierarchy
2019-10-25 13:38:51.256  INFO 29215 --- [main] o.s.j.e.a.AnnotationMBeanExporter        : Unregistering JMX-exposed beans on shutdown
2019-10-25 13:38:51.259  INFO 29215 --- [main] o.s.j.e.a.AnnotationMBeanExporter        : Unregistering JMX-exposed beans
2019-10-25 13:38:51.268  INFO 29215 --- [main] j.LocalContainerEntityManagerFactoryBean : Closing JPA EntityManagerFactory for persistence unit 'default'
2019-10-25 13:38:51.277  INFO 29215 --- [main] com.zaxxer.hikari.HikariDataSource       : HikariPool-1 - Shutdown initiated...
2019-10-25 13:38:51.310  INFO 29215 --- [main] com.zaxxer.hikari.HikariDataSource       : HikariPool-1 - Shutdown completed.
2019-10-25 13:39:17.437  INFO 29288 --- [main] o.s.s.outreach.OutReachApplication       : Starting OutReachApplication v2.0.0 on coms-309-ss-8.misc.iastate.edu with PID 29288 (/home/public/Ye3Updated2/spring-petclinic-2.0.0.war started by kschrock in /home/public/Ye3Updated2)
2019-10-25 13:39:17.454  INFO 29288 --- [main] o.s.s.outreach.OutReachApplication       : No active profile set, falling back to default profiles: default
2019-10-25 13:39:17.824  INFO 29288 --- [main] ConfigServletWebServerApplicationContext : Refreshing org.springframework.boot.web.servlet.context.AnnotationConfigServletWebServerApplicationContext@61baa894: startup date [Fri Oct 25 13:39:17 CDT 2019]; root of context hierarchy
2019-10-25 13:39:23.841  INFO 29288 --- [main] trationDelegate$BeanPostProcessorChecker : Bean 'org.springframework.transaction.annotation.ProxyTransactionManagementConfiguration' of type [org.springframework.transaction.annotation.ProxyTransactionManagementConfiguration$$EnhancerBySpringCGLIB$$fa47594] is not eligible for getting processed by all BeanPostProcessors (for example: not eligible for auto-proxying)
2019-10-25 13:39:25.192  INFO 29288 --- [main] o.s.b.w.embedded.tomcat.TomcatWebServer  : Tomcat initialized with port(s): 8080 (http)
2019-10-25 13:39:25.260  INFO 29288 --- [main] o.apache.catalina.core.StandardService   : Starting service [Tomcat]
2019-10-25 13:39:25.261  INFO 29288 --- [main] org.apache.catalina.core.StandardEngine  : Starting Servlet Engine: Apache Tomcat/8.5.28
2019-10-25 13:39:25.294  INFO 29288 --- [localhost-startStop-1] o.a.catalina.core.AprLifecycleListener   : The APR based Apache Tomcat Native library which allows optimal performance in production environments was not found on the java.library.path: [/usr/java/packages/lib/amd64:/usr/lib64:/lib64:/lib:/usr/lib]
2019-10-25 13:39:31.373  INFO 29288 --- [localhost-startStop-1] org.apache.jasper.servlet.TldScanner     : At least one JAR was scanned for TLDs yet contained no TLDs. Enable debug logging for this logger for a complete list of JARs that were scanned but no TLDs were found in them. Skipping unneeded JARs during scanning can improve startup time and JSP compilation time.
2019-10-25 13:39:31.855  INFO 29288 --- [localhost-startStop-1] o.a.c.c.C.[Tomcat].[localhost].[/]       : Initializing Spring embedded WebApplicationContext
2019-10-25 13:39:31.856  INFO 29288 --- [localhost-startStop-1] o.s.web.context.ContextLoader            : Root WebApplicationContext: initialization completed in 14032 ms
2019-10-25 13:39:34.955  INFO 29288 --- [localhost-startStop-1] o.s.b.w.servlet.ServletRegistrationBean  : Servlet dispatcherServlet mapped to [/]
2019-10-25 13:39:34.961  INFO 29288 --- [localhost-startStop-1] o.s.b.w.servlet.FilterRegistrationBean   : Mapping filter: 'characterEncodingFilter' to: [/*]
2019-10-25 13:39:34.963  INFO 29288 --- [localhost-startStop-1] o.s.b.w.servlet.FilterRegistrationBean   : Mapping filter: 'hiddenHttpMethodFilter' to: [/*]
2019-10-25 13:39:34.964  INFO 29288 --- [localhost-startStop-1] o.s.b.w.servlet.FilterRegistrationBean   : Mapping filter: 'httpPutFormContentFilter' to: [/*]
2019-10-25 13:39:34.964  INFO 29288 --- [localhost-startStop-1] o.s.b.w.servlet.FilterRegistrationBean   : Mapping filter: 'requestContextFilter' to: [/*]
2019-10-25 13:39:34.964  INFO 29288 --- [localhost-startStop-1] o.s.b.w.servlet.FilterRegistrationBean   : Mapping filter: 'httpTraceFilter' to: [/*]
2019-10-25 13:39:34.965  INFO 29288 --- [localhost-startStop-1] o.s.b.w.servlet.FilterRegistrationBean   : Mapping filter: 'webMvcMetricsFilter' to: [/*]
2019-10-25 13:39:35.227  INFO 29288 --- [main] com.zaxxer.hikari.HikariDataSource       : HikariPool-1 - Starting...
2019-10-25 13:39:35.642  INFO 29288 --- [main] com.zaxxer.hikari.HikariDataSource       : HikariPool-1 - Start completed.
2019-10-25 13:39:35.741  INFO 29288 --- [main] j.LocalContainerEntityManagerFactoryBean : Building JPA container EntityManagerFactory for persistence unit 'default'
2019-10-25 13:39:35.780  INFO 29288 --- [main] o.hibernate.jpa.internal.util.LogHelper  : HHH000204: Processing PersistenceUnitInfo [
	name: default
	...]
2019-10-25 13:39:36.035  INFO 29288 --- [main] org.hibernate.Version                    : HHH000412: Hibernate Core {5.2.14.Final}
2019-10-25 13:39:36.040  INFO 29288 --- [main] org.hibernate.cfg.Environment            : HHH000206: hibernate.properties not found
2019-10-25 13:39:36.146  INFO 29288 --- [main] o.hibernate.annotations.common.Version   : HCANN000001: Hibernate Commons Annotations {5.0.1.Final}
2019-10-25 13:39:36.895  INFO 29288 --- [main] org.hibernate.dialect.Dialect            : HHH000400: Using dialect: org.hibernate.dialect.MySQL5Dialect
2019-10-25 13:39:38.582  INFO 29288 --- [main] o.h.t.schema.internal.SchemaCreatorImpl  : HHH000476: Executing import script 'org.hibernate.tool.schema.internal.exec.ScriptSourceInputNonExistentImpl@4a07d605'
2019-10-25 13:39:38.588  INFO 29288 --- [main] j.LocalContainerEntityManagerFactoryBean : Initialized JPA EntityManagerFactory for persistence unit 'default'
2019-10-25 13:39:41.570  INFO 29288 --- [main] s.w.s.m.m.a.RequestMappingHandlerAdapter : Looking for @ControllerAdvice: org.springframework.boot.web.servlet.context.AnnotationConfigServletWebServerApplicationContext@61baa894: startup date [Fri Oct 25 13:39:17 CDT 2019]; root of context hierarchy
2019-10-25 13:39:41.665  WARN 29288 --- [main] aWebConfiguration$JpaWebMvcConfiguration : spring.jpa.open-in-view is enabled by default. Therefore, database queries may be performed during view rendering. Explicitly configure spring.jpa.open-in-view to disable this warning
2019-10-25 13:39:41.819  INFO 29288 --- [main] s.w.s.m.m.a.RequestMappingHandlerMapping : Mapped "{[/product/qrcode/{id}],methods=[GET]}" onto public void org.springframework.samples.outreach.qr.QRController.qrcode(java.lang.String,javax.servlet.http.HttpServletResponse) throws java.lang.Exception
2019-10-25 13:39:41.821  INFO 29288 --- [main] s.w.s.m.m.a.RequestMappingHandlerMapping : Mapped "{[/product/{company}/{ id}/{ quant}],methods=[GET]}" onto public java.util.Map<java.lang.String, java.lang.String> org.springframework.samples.outreach.qr.QRController.setQuantity(java.lang.String,java.lang.String,java.lang.String)
2019-10-25 13:39:41.822  INFO 29288 --- [main] s.w.s.m.m.a.RequestMappingHandlerMapping : Mapped "{[/product/{company}/{id}],methods=[POST]}" onto public java.util.HashMap<java.lang.String, java.lang.String> org.springframework.samples.outreach.qr.QRController.findCode(java.lang.String,java.lang.String)
2019-10-25 13:39:41.823  INFO 29288 --- [main] s.w.s.m.m.a.RequestMappingHandlerMapping : Mapped "{[/product],methods=[GET]}" onto public java.lang.String org.springframework.samples.outreach.qr.QRController.index(org.springframework.ui.ModelMap)
2019-10-25 13:39:41.824  INFO 29288 --- [main] s.w.s.m.m.a.RequestMappingHandlerMapping : Mapped "{[/owners],methods=[GET]}" onto public java.util.List<org.springframework.samples.outreach.owner.Owners> org.springframework.samples.outreach.owner.OwnerController.getAllOwners()
2019-10-25 13:39:41.825  INFO 29288 --- [main] s.w.s.m.m.a.RequestMappingHandlerMapping : Mapped "{[/owners/{username}],methods=[GET]}" onto public org.springframework.samples.outreach.owner.Owners org.springframework.samples.outreach.owner.OwnerController.findOwnerById(java.lang.String)
2019-10-25 13:39:41.828  INFO 29288 --- [main] s.w.s.m.m.a.RequestMappingHandlerMapping : Mapped "{[/owners/login/{username}/{password}],methods=[GET]}" onto public java.util.Map<java.lang.String, java.lang.String> org.springframework.samples.outreach.owner.OwnerController.loginOwner(java.lang.String,java.lang.String)
2019-10-25 13:39:41.829  INFO 29288 --- [main] s.w.s.m.m.a.RequestMappingHandlerMapping : Mapped "{[/owners/delete/{id}],methods=[POST]}" onto public void org.springframework.samples.outreach.owner.OwnerController.deleteEmployeeById(int) throws java.lang.Exception
2019-10-25 13:39:41.830  INFO 29288 --- [main] s.w.s.m.m.a.RequestMappingHandlerMapping : Mapped "{[/owners/add],methods=[POST]}" onto public java.lang.String org.springframework.samples.outreach.owner.OwnerController.createEmployee(org.springframework.samples.outreach.owner.Owners)
2019-10-25 13:39:41.831  INFO 29288 --- [main] s.w.s.m.m.a.RequestMappingHandlerMapping : Mapped "{[/owners/deleteall],methods=[POST]}" onto public void org.springframework.samples.outreach.owner.OwnerController.deleteAll()
2019-10-25 13:39:41.831  INFO 29288 --- [main] s.w.s.m.m.a.RequestMappingHandlerMapping : Mapped "{[/owners/addpoints/{points}/{username}],methods=[POST]}" onto public java.util.HashMap<java.lang.String, java.lang.String> org.springframework.samples.outreach.owner.OwnerController.addPoints(int,java.lang.String)
2019-10-25 13:39:41.833  INFO 29288 --- [main] s.w.s.m.m.a.RequestMappingHandlerMapping : Mapped "{[/Work],methods=[GET]}" onto public java.lang.Iterable<org.springframework.samples.outreach.qr.Product> org.springframework.samples.outreach.qr.FrontQRController.getAllCodes()
2019-10-25 13:39:41.833  INFO 29288 --- [main] s.w.s.m.m.a.RequestMappingHandlerMapping : Mapped "{[/{company}/{ id}/{ quant}],methods=[POST]}" onto public java.util.Map<java.lang.String, java.lang.String> org.springframework.samples.outreach.qr.FrontQRController.setQuantity(java.lang.String,java.lang.String,java.lang.String)
2019-10-25 13:39:41.834  INFO 29288 --- [main] s.w.s.m.m.a.RequestMappingHandlerMapping : Mapped "{[/{company}/{id}],methods=[GET]}" onto public java.util.HashMap<java.lang.String, java.lang.String> org.springframework.samples.outreach.qr.FrontQRController.findCode(java.lang.String,java.lang.String)
2019-10-25 13:39:41.842  INFO 29288 --- [main] s.w.s.m.m.a.RequestMappingHandlerMapping : Mapped "{[/error],produces=[text/html]}" onto public org.springframework.web.servlet.ModelAndView org.springframework.boot.autoconfigure.web.servlet.error.BasicErrorController.errorHtml(javax.servlet.http.HttpServletRequest,javax.servlet.http.HttpServletResponse)
2019-10-25 13:39:41.843  INFO 29288 --- [main] s.w.s.m.m.a.RequestMappingHandlerMapping : Mapped "{[/error]}" onto public org.springframework.http.ResponseEntity<java.util.Map<java.lang.String, java.lang.Object>> org.springframework.boot.autoconfigure.web.servlet.error.BasicErrorController.error(javax.servlet.http.HttpServletRequest)
2019-10-25 13:39:41.944  INFO 29288 --- [main] o.s.w.s.handler.SimpleUrlHandlerMapping  : Mapped URL path [/webjars/**] onto handler of type [class org.springframework.web.servlet.resource.ResourceHttpRequestHandler]
2019-10-25 13:39:41.945  INFO 29288 --- [main] o.s.w.s.handler.SimpleUrlHandlerMapping  : Mapped URL path [/resources/**] onto handler of type [class org.springframework.web.servlet.resource.ResourceHttpRequestHandler]
2019-10-25 13:39:42.035  INFO 29288 --- [main] o.s.w.s.handler.SimpleUrlHandlerMapping  : Mapped URL path [/**/favicon.ico] onto handler of type [class org.springframework.web.servlet.resource.ResourceHttpRequestHandler]
2019-10-25 13:39:42.880  INFO 29288 --- [main] s.b.a.e.w.s.WebMvcEndpointHandlerMapping : Mapped "{[/actuator/health],methods=[GET],produces=[application/vnd.spring-boot.actuator.v2+json || application/json]}" onto public java.lang.Object org.springframework.boot.actuate.endpoint.web.servlet.AbstractWebMvcEndpointHandlerMapping$OperationHandler.handle(javax.servlet.http.HttpServletRequest,java.util.Map<java.lang.String, java.lang.String>)
2019-10-25 13:39:42.882  INFO 29288 --- [main] s.b.a.e.w.s.WebMvcEndpointHandlerMapping : Mapped "{[/actuator/info],methods=[GET],produces=[application/vnd.spring-boot.actuator.v2+json || application/json]}" onto public java.lang.Object org.springframework.boot.actuate.endpoint.web.servlet.AbstractWebMvcEndpointHandlerMapping$OperationHandler.handle(javax.servlet.http.HttpServletRequest,java.util.Map<java.lang.String, java.lang.String>)
2019-10-25 13:39:42.883  INFO 29288 --- [main] s.b.a.e.w.s.WebMvcEndpointHandlerMapping : Mapped "{[/actuator],methods=[GET],produces=[application/vnd.spring-boot.actuator.v2+json || application/json]}" onto protected java.util.Map<java.lang.String, java.util.Map<java.lang.String, org.springframework.boot.actuate.endpoint.web.Link>> org.springframework.boot.actuate.endpoint.web.servlet.WebMvcEndpointHandlerMapping.links(javax.servlet.http.HttpServletRequest,javax.servlet.http.HttpServletResponse)
2019-10-25 13:39:43.083  INFO 29288 --- [main] o.s.j.e.a.AnnotationMBeanExporter        : Registering beans for JMX exposure on startup
2019-10-25 13:39:43.086  INFO 29288 --- [main] o.s.j.e.a.AnnotationMBeanExporter        : Bean with name 'dataSource' has been autodetected for JMX exposure
2019-10-25 13:39:43.099  INFO 29288 --- [main] o.s.j.e.a.AnnotationMBeanExporter        : Located MBean 'dataSource': registering with JMX server as MBean [com.zaxxer.hikari:name=dataSource,type=HikariDataSource]
2019-10-25 13:39:43.149 ERROR 29288 --- [main] o.apache.catalina.core.StandardService   : Failed to start connector [Connector[HTTP/1.1-8080]]

org.apache.catalina.LifecycleException: Failed to start component [Connector[HTTP/1.1-8080]]
	at org.apache.catalina.util.LifecycleBase.start(LifecycleBase.java:167) ~[tomcat-embed-core-8.5.28.jar!/:8.5.28]
	at org.apache.catalina.core.StandardService.addConnector(StandardService.java:225) ~[tomcat-embed-core-8.5.28.jar!/:8.5.28]
	at org.springframework.boot.web.embedded.tomcat.TomcatWebServer.addPreviouslyRemovedConnectors(TomcatWebServer.java:255) [spring-boot-2.0.0.BUILD-SNAPSHOT.jar!/:2.0.0.BUILD-SNAPSHOT]
	at org.springframework.boot.web.embedded.tomcat.TomcatWebServer.start(TomcatWebServer.java:197) [spring-boot-2.0.0.BUILD-SNAPSHOT.jar!/:2.0.0.BUILD-SNAPSHOT]
	at org.springframework.boot.web.servlet.context.ServletWebServerApplicationContext.startWebServer(ServletWebServerApplicationContext.java:300) [spring-boot-2.0.0.BUILD-SNAPSHOT.jar!/:2.0.0.BUILD-SNAPSHOT]
	at org.springframework.boot.web.servlet.context.ServletWebServerApplicationContext.finishRefresh(ServletWebServerApplicationContext.java:162) [spring-boot-2.0.0.BUILD-SNAPSHOT.jar!/:2.0.0.BUILD-SNAPSHOT]
	at org.springframework.context.support.AbstractApplicationContext.refresh(AbstractApplicationContext.java:552) [spring-context-5.0.4.RELEASE.jar!/:5.0.4.RELEASE]
	at org.springframework.boot.web.servlet.context.ServletWebServerApplicationContext.refresh(ServletWebServerApplicationContext.java:140) [spring-boot-2.0.0.BUILD-SNAPSHOT.jar!/:2.0.0.BUILD-SNAPSHOT]
	at org.springframework.boot.SpringApplication.refresh(SpringApplication.java:752) [spring-boot-2.0.0.BUILD-SNAPSHOT.jar!/:2.0.0.BUILD-SNAPSHOT]
	at org.springframework.boot.SpringApplication.refreshContext(SpringApplication.java:388) [spring-boot-2.0.0.BUILD-SNAPSHOT.jar!/:2.0.0.BUILD-SNAPSHOT]
	at org.springframework.boot.SpringApplication.run(SpringApplication.java:327) [spring-boot-2.0.0.BUILD-SNAPSHOT.jar!/:2.0.0.BUILD-SNAPSHOT]
	at org.springframework.boot.SpringApplication.run(SpringApplication.java:1246) [spring-boot-2.0.0.BUILD-SNAPSHOT.jar!/:2.0.0.BUILD-SNAPSHOT]
	at org.springframework.boot.SpringApplication.run(SpringApplication.java:1234) [spring-boot-2.0.0.BUILD-SNAPSHOT.jar!/:2.0.0.BUILD-SNAPSHOT]
	at org.springframework.samples.outreach.OutReachApplication.main(OutReachApplication.java:31) [classes!/:2.0.0]
	at sun.reflect.NativeMethodAccessorImpl.invoke0(Native Method) ~[na:1.8.0_222]
	at sun.reflect.NativeMethodAccessorImpl.invoke(NativeMethodAccessorImpl.java:62) ~[na:1.8.0_222]
	at sun.reflect.DelegatingMethodAccessorImpl.invoke(DelegatingMethodAccessorImpl.java:43) ~[na:1.8.0_222]
	at java.lang.reflect.Method.invoke(Method.java:498) ~[na:1.8.0_222]
	at org.springframework.boot.loader.MainMethodRunner.run(MainMethodRunner.java:48) [spring-petclinic-2.0.0.war:2.0.0]
	at org.springframework.boot.loader.Launcher.launch(Launcher.java:87) [spring-petclinic-2.0.0.war:2.0.0]
	at org.springframework.boot.loader.Launcher.launch(Launcher.java:50) [spring-petclinic-2.0.0.war:2.0.0]
	at org.springframework.boot.loader.WarLauncher.main(WarLauncher.java:58) [spring-petclinic-2.0.0.war:2.0.0]
Caused by: org.apache.catalina.LifecycleException: Protocol handler start failed
	at org.apache.catalina.connector.Connector.startInternal(Connector.java:1021) ~[tomcat-embed-core-8.5.28.jar!/:8.5.28]
	at org.apache.catalina.util.LifecycleBase.start(LifecycleBase.java:150) ~[tomcat-embed-core-8.5.28.jar!/:8.5.28]
	... 21 common frames omitted
Caused by: java.net.BindException: Address already in use
	at sun.nio.ch.Net.bind0(Native Method) ~[na:1.8.0_222]
	at sun.nio.ch.Net.bind(Net.java:433) ~[na:1.8.0_222]
	at sun.nio.ch.Net.bind(Net.java:425) ~[na:1.8.0_222]
	at sun.nio.ch.ServerSocketChannelImpl.bind(ServerSocketChannelImpl.java:223) ~[na:1.8.0_222]
	at sun.nio.ch.ServerSocketAdaptor.bind(ServerSocketAdaptor.java:74) ~[na:1.8.0_222]
	at org.apache.tomcat.util.net.NioEndpoint.bind(NioEndpoint.java:210) ~[tomcat-embed-core-8.5.28.jar!/:8.5.28]
	at org.apache.tomcat.util.net.AbstractEndpoint.start(AbstractEndpoint.java:1150) ~[tomcat-embed-core-8.5.28.jar!/:8.5.28]
	at org.apache.coyote.AbstractProtocol.start(AbstractProtocol.java:591) ~[tomcat-embed-core-8.5.28.jar!/:8.5.28]
	at org.apache.catalina.connector.Connector.startInternal(Connector.java:1018) ~[tomcat-embed-core-8.5.28.jar!/:8.5.28]
	... 22 common frames omitted

2019-10-25 13:39:43.170  INFO 29288 --- [main] o.apache.catalina.core.StandardService   : Stopping service [Tomcat]
2019-10-25 13:39:43.208  INFO 29288 --- [main] ConditionEvaluationReportLoggingListener : 

Error starting ApplicationContext. To display the conditions report re-run your application with 'debug' enabled.
2019-10-25 13:39:43.211 ERROR 29288 --- [main] o.s.b.d.LoggingFailureAnalysisReporter   : 

***************************
APPLICATION FAILED TO START
***************************

Description:

The Tomcat connector configured to listen on port 8080 failed to start. The port may already be in use or the connector may be misconfigured.

Action:

Verify the connector's configuration, identify and stop any process that's listening on port 8080, or configure this application to listen on another port.

2019-10-25 13:39:43.214  INFO 29288 --- [main] ConfigServletWebServerApplicationContext : Closing org.springframework.boot.web.servlet.context.AnnotationConfigServletWebServerApplicationContext@61baa894: startup date [Fri Oct 25 13:39:17 CDT 2019]; root of context hierarchy
2019-10-25 13:39:43.218  INFO 29288 --- [main] o.s.j.e.a.AnnotationMBeanExporter        : Unregistering JMX-exposed beans on shutdown
2019-10-25 13:39:43.219  INFO 29288 --- [main] o.s.j.e.a.AnnotationMBeanExporter        : Unregistering JMX-exposed beans
2019-10-25 13:39:43.224  INFO 29288 --- [main] j.LocalContainerEntityManagerFactoryBean : Closing JPA EntityManagerFactory for persistence unit 'default'
2019-10-25 13:39:43.234  INFO 29288 --- [main] com.zaxxer.hikari.HikariDataSource       : HikariPool-1 - Shutdown initiated...
2019-10-25 13:39:43.265  INFO 29288 --- [main] com.zaxxer.hikari.HikariDataSource       : HikariPool-1 - Shutdown completed.
2019-10-25 13:40:32.225  INFO 29385 --- [main] o.s.s.outreach.OutReachApplication       : Starting OutReachApplication v2.0.0 on coms-309-ss-8.misc.iastate.edu with PID 29385 (/home/public/Ye3Updated2/spring-petclinic-2.0.0.war started by kschrock in /home/public/Ye3Updated2)
2019-10-25 13:40:32.261  INFO 29385 --- [main] o.s.s.outreach.OutReachApplication       : No active profile set, falling back to default profiles: default
2019-10-25 13:40:32.682  INFO 29385 --- [main] ConfigServletWebServerApplicationContext : Refreshing org.springframework.boot.web.servlet.context.AnnotationConfigServletWebServerApplicationContext@61baa894: startup date [Fri Oct 25 13:40:32 CDT 2019]; root of context hierarchy
2019-10-25 13:40:37.048  INFO 29385 --- [main] trationDelegate$BeanPostProcessorChecker : Bean 'org.springframework.transaction.annotation.ProxyTransactionManagementConfiguration' of type [org.springframework.transaction.annotation.ProxyTransactionManagementConfiguration$$EnhancerBySpringCGLIB$$4aaedf8f] is not eligible for getting processed by all BeanPostProcessors (for example: not eligible for auto-proxying)
2019-10-25 13:40:37.811  INFO 29385 --- [main] o.s.b.w.embedded.tomcat.TomcatWebServer  : Tomcat initialized with port(s): 8080 (http)
2019-10-25 13:40:37.906  INFO 29385 --- [main] o.apache.catalina.core.StandardService   : Starting service [Tomcat]
2019-10-25 13:40:37.907  INFO 29385 --- [main] org.apache.catalina.core.StandardEngine  : Starting Servlet Engine: Apache Tomcat/8.5.28
2019-10-25 13:40:37.984  INFO 29385 --- [localhost-startStop-1] o.a.catalina.core.AprLifecycleListener   : The APR based Apache Tomcat Native library which allows optimal performance in production environments was not found on the java.library.path: [/usr/java/packages/lib/amd64:/usr/lib64:/lib64:/lib:/usr/lib]
2019-10-25 13:40:41.697  INFO 29385 --- [localhost-startStop-1] org.apache.jasper.servlet.TldScanner     : At least one JAR was scanned for TLDs yet contained no TLDs. Enable debug logging for this logger for a complete list of JARs that were scanned but no TLDs were found in them. Skipping unneeded JARs during scanning can improve startup time and JSP compilation time.
2019-10-25 13:40:42.525  INFO 29385 --- [localhost-startStop-1] o.a.c.c.C.[Tomcat].[localhost].[/]       : Initializing Spring embedded WebApplicationContext
2019-10-25 13:40:42.527  INFO 29385 --- [localhost-startStop-1] o.s.web.context.ContextLoader            : Root WebApplicationContext: initialization completed in 9845 ms
2019-10-25 13:40:45.731  INFO 29385 --- [localhost-startStop-1] o.s.b.w.servlet.ServletRegistrationBean  : Servlet dispatcherServlet mapped to [/]
2019-10-25 13:40:45.740  INFO 29385 --- [localhost-startStop-1] o.s.b.w.servlet.FilterRegistrationBean   : Mapping filter: 'characterEncodingFilter' to: [/*]
2019-10-25 13:40:45.741  INFO 29385 --- [localhost-startStop-1] o.s.b.w.servlet.FilterRegistrationBean   : Mapping filter: 'hiddenHttpMethodFilter' to: [/*]
2019-10-25 13:40:45.741  INFO 29385 --- [localhost-startStop-1] o.s.b.w.servlet.FilterRegistrationBean   : Mapping filter: 'httpPutFormContentFilter' to: [/*]
2019-10-25 13:40:45.741  INFO 29385 --- [localhost-startStop-1] o.s.b.w.servlet.FilterRegistrationBean   : Mapping filter: 'requestContextFilter' to: [/*]
2019-10-25 13:40:45.742  INFO 29385 --- [localhost-startStop-1] o.s.b.w.servlet.FilterRegistrationBean   : Mapping filter: 'httpTraceFilter' to: [/*]
2019-10-25 13:40:45.742  INFO 29385 --- [localhost-startStop-1] o.s.b.w.servlet.FilterRegistrationBean   : Mapping filter: 'webMvcMetricsFilter' to: [/*]
2019-10-25 13:40:45.919  INFO 29385 --- [main] com.zaxxer.hikari.HikariDataSource       : HikariPool-1 - Starting...
2019-10-25 13:40:46.330  INFO 29385 --- [main] com.zaxxer.hikari.HikariDataSource       : HikariPool-1 - Start completed.
2019-10-25 13:40:46.429  INFO 29385 --- [main] j.LocalContainerEntityManagerFactoryBean : Building JPA container EntityManagerFactory for persistence unit 'default'
2019-10-25 13:40:46.459  INFO 29385 --- [main] o.hibernate.jpa.internal.util.LogHelper  : HHH000204: Processing PersistenceUnitInfo [
	name: default
	...]
2019-10-25 13:40:46.767  INFO 29385 --- [main] org.hibernate.Version                    : HHH000412: Hibernate Core {5.2.14.Final}
2019-10-25 13:40:46.774  INFO 29385 --- [main] org.hibernate.cfg.Environment            : HHH000206: hibernate.properties not found
2019-10-25 13:40:46.877  INFO 29385 --- [main] o.hibernate.annotations.common.Version   : HCANN000001: Hibernate Commons Annotations {5.0.1.Final}
2019-10-25 13:40:47.534  INFO 29385 --- [main] org.hibernate.dialect.Dialect            : HHH000400: Using dialect: org.hibernate.dialect.MySQL5Dialect
2019-10-25 13:40:48.549  INFO 29385 --- [main] o.h.t.schema.internal.SchemaCreatorImpl  : HHH000476: Executing import script 'org.hibernate.tool.schema.internal.exec.ScriptSourceInputNonExistentImpl@74287ea3'
2019-10-25 13:40:48.555  INFO 29385 --- [main] j.LocalContainerEntityManagerFactoryBean : Initialized JPA EntityManagerFactory for persistence unit 'default'
2019-10-25 13:40:50.690  INFO 29385 --- [main] s.w.s.m.m.a.RequestMappingHandlerAdapter : Looking for @ControllerAdvice: org.springframework.boot.web.servlet.context.AnnotationConfigServletWebServerApplicationContext@61baa894: startup date [Fri Oct 25 13:40:32 CDT 2019]; root of context hierarchy
2019-10-25 13:40:50.920  WARN 29385 --- [main] aWebConfiguration$JpaWebMvcConfiguration : spring.jpa.open-in-view is enabled by default. Therefore, database queries may be performed during view rendering. Explicitly configure spring.jpa.open-in-view to disable this warning
2019-10-25 13:40:51.019  INFO 29385 --- [main] s.w.s.m.m.a.RequestMappingHandlerMapping : Mapped "{[/product/qrcode/{id}],methods=[GET]}" onto public void org.springframework.samples.outreach.qr.QRController.qrcode(java.lang.String,javax.servlet.http.HttpServletResponse) throws java.lang.Exception
2019-10-25 13:40:51.023  INFO 29385 --- [main] s.w.s.m.m.a.RequestMappingHandlerMapping : Mapped "{[/product/{company}/{ id}/{ quant}],methods=[GET]}" onto public java.util.Map<java.lang.String, java.lang.String> org.springframework.samples.outreach.qr.QRController.setQuantity(java.lang.String,java.lang.String,java.lang.String)
2019-10-25 13:40:51.024  INFO 29385 --- [main] s.w.s.m.m.a.RequestMappingHandlerMapping : Mapped "{[/product/{company}/{id}],methods=[POST]}" onto public java.util.HashMap<java.lang.String, java.lang.String> org.springframework.samples.outreach.qr.QRController.findCode(java.lang.String,java.lang.String)
2019-10-25 13:40:51.025  INFO 29385 --- [main] s.w.s.m.m.a.RequestMappingHandlerMapping : Mapped "{[/product],methods=[GET]}" onto public java.lang.String org.springframework.samples.outreach.qr.QRController.index(org.springframework.ui.ModelMap)
2019-10-25 13:40:51.027  INFO 29385 --- [main] s.w.s.m.m.a.RequestMappingHandlerMapping : Mapped "{[/owners/deleteall],methods=[POST]}" onto public void org.springframework.samples.outreach.owner.OwnerController.deleteAll()
2019-10-25 13:40:51.028  INFO 29385 --- [main] s.w.s.m.m.a.RequestMappingHandlerMapping : Mapped "{[/owners/addpoints/{points}/{username}],methods=[POST]}" onto public java.util.HashMap<java.lang.String, java.lang.String> org.springframework.samples.outreach.owner.OwnerController.addPoints(int,java.lang.String)
2019-10-25 13:40:51.029  INFO 29385 --- [main] s.w.s.m.m.a.RequestMappingHandlerMapping : Mapped "{[/owners],methods=[GET]}" onto public java.util.List<org.springframework.samples.outreach.owner.Owners> org.springframework.samples.outreach.owner.OwnerController.getAllOwners()
2019-10-25 13:40:51.031  INFO 29385 --- [main] s.w.s.m.m.a.RequestMappingHandlerMapping : Mapped "{[/owners/{username}],methods=[GET]}" onto public org.springframework.samples.outreach.owner.Owners org.springframework.samples.outreach.owner.OwnerController.findOwnerById(java.lang.String)
2019-10-25 13:40:51.032  INFO 29385 --- [main] s.w.s.m.m.a.RequestMappingHandlerMapping : Mapped "{[/owners/login/{username}/{password}],methods=[GET]}" onto public java.util.Map<java.lang.String, java.lang.String> org.springframework.samples.outreach.owner.OwnerController.loginOwner(java.lang.String,java.lang.String)
2019-10-25 13:40:51.033  INFO 29385 --- [main] s.w.s.m.m.a.RequestMappingHandlerMapping : Mapped "{[/owners/delete/{id}],methods=[POST]}" onto public void org.springframework.samples.outreach.owner.OwnerController.deleteEmployeeById(int) throws java.lang.Exception
2019-10-25 13:40:51.033  INFO 29385 --- [main] s.w.s.m.m.a.RequestMappingHandlerMapping : Mapped "{[/owners/add],methods=[POST]}" onto public java.lang.String org.springframework.samples.outreach.owner.OwnerController.createEmployee(org.springframework.samples.outreach.owner.Owners)
2019-10-25 13:40:51.036  INFO 29385 --- [main] s.w.s.m.m.a.RequestMappingHandlerMapping : Mapped "{[/{company}/{ id}/{ quant}],methods=[POST]}" onto public java.util.Map<java.lang.String, java.lang.String> org.springframework.samples.outreach.qr.FrontQRController.setQuantity(java.lang.String,java.lang.String,java.lang.String)
2019-10-25 13:40:51.037  INFO 29385 --- [main] s.w.s.m.m.a.RequestMappingHandlerMapping : Mapped "{[/{company}/{id}],methods=[GET]}" onto public java.util.HashMap<java.lang.String, java.lang.String> org.springframework.samples.outreach.qr.FrontQRController.findCode(java.lang.String,java.lang.String)
2019-10-25 13:40:51.038  INFO 29385 --- [main] s.w.s.m.m.a.RequestMappingHandlerMapping : Mapped "{[/Work],methods=[GET]}" onto public java.lang.Iterable<org.springframework.samples.outreach.qr.Product> org.springframework.samples.outreach.qr.FrontQRController.getAllCodes()
2019-10-25 13:40:51.050  INFO 29385 --- [main] s.w.s.m.m.a.RequestMappingHandlerMapping : Mapped "{[/error],produces=[text/html]}" onto public org.springframework.web.servlet.ModelAndView org.springframework.boot.autoconfigure.web.servlet.error.BasicErrorController.errorHtml(javax.servlet.http.HttpServletRequest,javax.servlet.http.HttpServletResponse)
2019-10-25 13:40:51.051  INFO 29385 --- [main] s.w.s.m.m.a.RequestMappingHandlerMapping : Mapped "{[/error]}" onto public org.springframework.http.ResponseEntity<java.util.Map<java.lang.String, java.lang.Object>> org.springframework.boot.autoconfigure.web.servlet.error.BasicErrorController.error(javax.servlet.http.HttpServletRequest)
2019-10-25 13:40:51.166  INFO 29385 --- [main] o.s.w.s.handler.SimpleUrlHandlerMapping  : Mapped URL path [/webjars/**] onto handler of type [class org.springframework.web.servlet.resource.ResourceHttpRequestHandler]
2019-10-25 13:40:51.167  INFO 29385 --- [main] o.s.w.s.handler.SimpleUrlHandlerMapping  : Mapped URL path [/resources/**] onto handler of type [class org.springframework.web.servlet.resource.ResourceHttpRequestHandler]
2019-10-25 13:40:51.275  INFO 29385 --- [main] o.s.w.s.handler.SimpleUrlHandlerMapping  : Mapped URL path [/**/favicon.ico] onto handler of type [class org.springframework.web.servlet.resource.ResourceHttpRequestHandler]
2019-10-25 13:40:52.035  INFO 29385 --- [main] s.b.a.e.w.s.WebMvcEndpointHandlerMapping : Mapped "{[/actuator/health],methods=[GET],produces=[application/vnd.spring-boot.actuator.v2+json || application/json]}" onto public java.lang.Object org.springframework.boot.actuate.endpoint.web.servlet.AbstractWebMvcEndpointHandlerMapping$OperationHandler.handle(javax.servlet.http.HttpServletRequest,java.util.Map<java.lang.String, java.lang.String>)
2019-10-25 13:40:52.038  INFO 29385 --- [main] s.b.a.e.w.s.WebMvcEndpointHandlerMapping : Mapped "{[/actuator/info],methods=[GET],produces=[application/vnd.spring-boot.actuator.v2+json || application/json]}" onto public java.lang.Object org.springframework.boot.actuate.endpoint.web.servlet.AbstractWebMvcEndpointHandlerMapping$OperationHandler.handle(javax.servlet.http.HttpServletRequest,java.util.Map<java.lang.String, java.lang.String>)
2019-10-25 13:40:52.039  INFO 29385 --- [main] s.b.a.e.w.s.WebMvcEndpointHandlerMapping : Mapped "{[/actuator],methods=[GET],produces=[application/vnd.spring-boot.actuator.v2+json || application/json]}" onto protected java.util.Map<java.lang.String, java.util.Map<java.lang.String, org.springframework.boot.actuate.endpoint.web.Link>> org.springframework.boot.actuate.endpoint.web.servlet.WebMvcEndpointHandlerMapping.links(javax.servlet.http.HttpServletRequest,javax.servlet.http.HttpServletResponse)
2019-10-25 13:40:52.317  INFO 29385 --- [main] o.s.j.e.a.AnnotationMBeanExporter        : Registering beans for JMX exposure on startup
2019-10-25 13:40:52.320  INFO 29385 --- [main] o.s.j.e.a.AnnotationMBeanExporter        : Bean with name 'dataSource' has been autodetected for JMX exposure
2019-10-25 13:40:52.335  INFO 29385 --- [main] o.s.j.e.a.AnnotationMBeanExporter        : Located MBean 'dataSource': registering with JMX server as MBean [com.zaxxer.hikari:name=dataSource,type=HikariDataSource]
2019-10-25 13:40:52.391 ERROR 29385 --- [main] o.apache.catalina.core.StandardService   : Failed to start connector [Connector[HTTP/1.1-8080]]

org.apache.catalina.LifecycleException: Failed to start component [Connector[HTTP/1.1-8080]]
	at org.apache.catalina.util.LifecycleBase.start(LifecycleBase.java:167) ~[tomcat-embed-core-8.5.28.jar!/:8.5.28]
	at org.apache.catalina.core.StandardService.addConnector(StandardService.java:225) ~[tomcat-embed-core-8.5.28.jar!/:8.5.28]
	at org.springframework.boot.web.embedded.tomcat.TomcatWebServer.addPreviouslyRemovedConnectors(TomcatWebServer.java:255) [spring-boot-2.0.0.BUILD-SNAPSHOT.jar!/:2.0.0.BUILD-SNAPSHOT]
	at org.springframework.boot.web.embedded.tomcat.TomcatWebServer.start(TomcatWebServer.java:197) [spring-boot-2.0.0.BUILD-SNAPSHOT.jar!/:2.0.0.BUILD-SNAPSHOT]
	at org.springframework.boot.web.servlet.context.ServletWebServerApplicationContext.startWebServer(ServletWebServerApplicationContext.java:300) [spring-boot-2.0.0.BUILD-SNAPSHOT.jar!/:2.0.0.BUILD-SNAPSHOT]
	at org.springframework.boot.web.servlet.context.ServletWebServerApplicationContext.finishRefresh(ServletWebServerApplicationContext.java:162) [spring-boot-2.0.0.BUILD-SNAPSHOT.jar!/:2.0.0.BUILD-SNAPSHOT]
	at org.springframework.context.support.AbstractApplicationContext.refresh(AbstractApplicationContext.java:552) [spring-context-5.0.4.RELEASE.jar!/:5.0.4.RELEASE]
	at org.springframework.boot.web.servlet.context.ServletWebServerApplicationContext.refresh(ServletWebServerApplicationContext.java:140) [spring-boot-2.0.0.BUILD-SNAPSHOT.jar!/:2.0.0.BUILD-SNAPSHOT]
	at org.springframework.boot.SpringApplication.refresh(SpringApplication.java:752) [spring-boot-2.0.0.BUILD-SNAPSHOT.jar!/:2.0.0.BUILD-SNAPSHOT]
	at org.springframework.boot.SpringApplication.refreshContext(SpringApplication.java:388) [spring-boot-2.0.0.BUILD-SNAPSHOT.jar!/:2.0.0.BUILD-SNAPSHOT]
	at org.springframework.boot.SpringApplication.run(SpringApplication.java:327) [spring-boot-2.0.0.BUILD-SNAPSHOT.jar!/:2.0.0.BUILD-SNAPSHOT]
	at org.springframework.boot.SpringApplication.run(SpringApplication.java:1246) [spring-boot-2.0.0.BUILD-SNAPSHOT.jar!/:2.0.0.BUILD-SNAPSHOT]
	at org.springframework.boot.SpringApplication.run(SpringApplication.java:1234) [spring-boot-2.0.0.BUILD-SNAPSHOT.jar!/:2.0.0.BUILD-SNAPSHOT]
	at org.springframework.samples.outreach.OutReachApplication.main(OutReachApplication.java:31) [classes!/:2.0.0]
	at sun.reflect.NativeMethodAccessorImpl.invoke0(Native Method) ~[na:1.8.0_222]
	at sun.reflect.NativeMethodAccessorImpl.invoke(NativeMethodAccessorImpl.java:62) ~[na:1.8.0_222]
	at sun.reflect.DelegatingMethodAccessorImpl.invoke(DelegatingMethodAccessorImpl.java:43) ~[na:1.8.0_222]
	at java.lang.reflect.Method.invoke(Method.java:498) ~[na:1.8.0_222]
	at org.springframework.boot.loader.MainMethodRunner.run(MainMethodRunner.java:48) [spring-petclinic-2.0.0.war:2.0.0]
	at org.springframework.boot.loader.Launcher.launch(Launcher.java:87) [spring-petclinic-2.0.0.war:2.0.0]
	at org.springframework.boot.loader.Launcher.launch(Launcher.java:50) [spring-petclinic-2.0.0.war:2.0.0]
	at org.springframework.boot.loader.WarLauncher.main(WarLauncher.java:58) [spring-petclinic-2.0.0.war:2.0.0]
Caused by: org.apache.catalina.LifecycleException: Protocol handler start failed
	at org.apache.catalina.connector.Connector.startInternal(Connector.java:1021) ~[tomcat-embed-core-8.5.28.jar!/:8.5.28]
	at org.apache.catalina.util.LifecycleBase.start(LifecycleBase.java:150) ~[tomcat-embed-core-8.5.28.jar!/:8.5.28]
	... 21 common frames omitted
Caused by: java.net.BindException: Address already in use
	at sun.nio.ch.Net.bind0(Native Method) ~[na:1.8.0_222]
	at sun.nio.ch.Net.bind(Net.java:433) ~[na:1.8.0_222]
	at sun.nio.ch.Net.bind(Net.java:425) ~[na:1.8.0_222]
	at sun.nio.ch.ServerSocketChannelImpl.bind(ServerSocketChannelImpl.java:223) ~[na:1.8.0_222]
	at sun.nio.ch.ServerSocketAdaptor.bind(ServerSocketAdaptor.java:74) ~[na:1.8.0_222]
	at org.apache.tomcat.util.net.NioEndpoint.bind(NioEndpoint.java:210) ~[tomcat-embed-core-8.5.28.jar!/:8.5.28]
	at org.apache.tomcat.util.net.AbstractEndpoint.start(AbstractEndpoint.java:1150) ~[tomcat-embed-core-8.5.28.jar!/:8.5.28]
	at org.apache.coyote.AbstractProtocol.start(AbstractProtocol.java:591) ~[tomcat-embed-core-8.5.28.jar!/:8.5.28]
	at org.apache.catalina.connector.Connector.startInternal(Connector.java:1018) ~[tomcat-embed-core-8.5.28.jar!/:8.5.28]
	... 22 common frames omitted

2019-10-25 13:40:52.417  INFO 29385 --- [main] o.apache.catalina.core.StandardService   : Stopping service [Tomcat]
2019-10-25 13:40:52.497  INFO 29385 --- [main] ConditionEvaluationReportLoggingListener : 

Error starting ApplicationContext. To display the conditions report re-run your application with 'debug' enabled.
2019-10-25 13:40:52.507 ERROR 29385 --- [main] o.s.b.d.LoggingFailureAnalysisReporter   : 

***************************
APPLICATION FAILED TO START
***************************

Description:

The Tomcat connector configured to listen on port 8080 failed to start. The port may already be in use or the connector may be misconfigured.

Action:

Verify the connector's configuration, identify and stop any process that's listening on port 8080, or configure this application to listen on another port.

2019-10-25 13:40:52.509  INFO 29385 --- [main] ConfigServletWebServerApplicationContext : Closing org.springframework.boot.web.servlet.context.AnnotationConfigServletWebServerApplicationContext@61baa894: startup date [Fri Oct 25 13:40:32 CDT 2019]; root of context hierarchy
2019-10-25 13:40:52.515  INFO 29385 --- [main] o.s.j.e.a.AnnotationMBeanExporter        : Unregistering JMX-exposed beans on shutdown
2019-10-25 13:40:52.515  INFO 29385 --- [main] o.s.j.e.a.AnnotationMBeanExporter        : Unregistering JMX-exposed beans
2019-10-25 13:40:52.520  INFO 29385 --- [main] j.LocalContainerEntityManagerFactoryBean : Closing JPA EntityManagerFactory for persistence unit 'default'
2019-10-25 13:40:52.524  INFO 29385 --- [main] com.zaxxer.hikari.HikariDataSource       : HikariPool-1 - Shutdown initiated...
2019-10-25 13:40:52.534  INFO 29385 --- [main] com.zaxxer.hikari.HikariDataSource       : HikariPool-1 - Shutdown completed.
