2019-10-02 11:17:05.694  INFO 69128 --- [restartedMain] o.s.s.outreach.OutReachApplication       : Starting OutReachApplication on kordell.student.iastate.edu with PID 69128 (/Users/kordellschrock/Desktop/petclinic-mysql-master/Spring/target/classes started by kordellschrock in /Users/kordellschrock/Desktop/petclinic-mysql-master/Spring)
2019-10-02 11:17:05.698  INFO 69128 --- [restartedMain] o.s.s.outreach.OutReachApplication       : No active profile set, falling back to default profiles: default
2019-10-02 11:17:05.752  INFO 69128 --- [restartedMain] ConfigServletWebServerApplicationContext : Refreshing org.springframework.boot.web.servlet.context.AnnotationConfigServletWebServerApplicationContext@26ff82bf: startup date [Wed Oct 02 11:17:05 CDT 2019]; root of context hierarchy
2019-10-02 11:17:06.752  INFO 69128 --- [restartedMain] trationDelegate$BeanPostProcessorChecker : Bean 'org.springframework.transaction.annotation.ProxyTransactionManagementConfiguration' of type [org.springframework.transaction.annotation.ProxyTransactionManagementConfiguration$$EnhancerBySpringCGLIB$$ccf49203] is not eligible for getting processed by all BeanPostProcessors (for example: not eligible for auto-proxying)
2019-10-02 11:17:07.024  INFO 69128 --- [restartedMain] o.s.b.w.embedded.tomcat.TomcatWebServer  : Tomcat initialized with port(s): 8080 (http)
2019-10-02 11:17:07.048  INFO 69128 --- [restartedMain] o.apache.catalina.core.StandardService   : Starting service [Tomcat]
2019-10-02 11:17:07.052  INFO 69128 --- [restartedMain] org.apache.catalina.core.StandardEngine  : Starting Servlet Engine: Apache Tomcat/8.5.28
2019-10-02 11:17:07.055  INFO 69128 --- [localhost-startStop-1] o.a.catalina.core.AprLifecycleListener   : The APR based Apache Tomcat Native library which allows optimal performance in production environments was not found on the java.library.path: [/Users/kordellschrock/Library/Java/Extensions:/Library/Java/Extensions:/Network/Library/Java/Extensions:/System/Library/Java/Extensions:/usr/lib/java:.]
2019-10-02 11:17:07.112  INFO 69128 --- [localhost-startStop-1] o.a.c.c.C.[Tomcat].[localhost].[/]       : Initializing Spring embedded WebApplicationContext
2019-10-02 11:17:07.112  INFO 69128 --- [localhost-startStop-1] o.s.web.context.ContextLoader            : Root WebApplicationContext: initialization completed in 1360 ms
2019-10-02 11:17:07.599  INFO 69128 --- [localhost-startStop-1] o.s.b.w.servlet.ServletRegistrationBean  : Servlet dispatcherServlet mapped to [/]
2019-10-02 11:17:07.601  INFO 69128 --- [localhost-startStop-1] o.s.b.w.servlet.FilterRegistrationBean   : Mapping filter: 'characterEncodingFilter' to: [/*]
2019-10-02 11:17:07.602  INFO 69128 --- [localhost-startStop-1] o.s.b.w.servlet.FilterRegistrationBean   : Mapping filter: 'hiddenHttpMethodFilter' to: [/*]
2019-10-02 11:17:07.602  INFO 69128 --- [localhost-startStop-1] o.s.b.w.servlet.FilterRegistrationBean   : Mapping filter: 'httpPutFormContentFilter' to: [/*]
2019-10-02 11:17:07.602  INFO 69128 --- [localhost-startStop-1] o.s.b.w.servlet.FilterRegistrationBean   : Mapping filter: 'requestContextFilter' to: [/*]
2019-10-02 11:17:07.602  INFO 69128 --- [localhost-startStop-1] o.s.b.w.servlet.FilterRegistrationBean   : Mapping filter: 'httpTraceFilter' to: [/*]
2019-10-02 11:17:07.602  INFO 69128 --- [localhost-startStop-1] o.s.b.w.servlet.FilterRegistrationBean   : Mapping filter: 'webMvcMetricsFilter' to: [/*]
2019-10-02 11:17:07.668  INFO 69128 --- [restartedMain] com.zaxxer.hikari.HikariDataSource       : HikariPool-1 - Starting...
2019-10-02 11:17:07.913  INFO 69128 --- [restartedMain] com.zaxxer.hikari.HikariDataSource       : HikariPool-1 - Start completed.
2019-10-02 11:17:07.944  INFO 69128 --- [restartedMain] j.LocalContainerEntityManagerFactoryBean : Building JPA container EntityManagerFactory for persistence unit 'default'
2019-10-02 11:17:07.952  INFO 69128 --- [restartedMain] o.hibernate.jpa.internal.util.LogHelper  : HHH000204: Processing PersistenceUnitInfo [
	name: default
	...]
2019-10-02 11:17:07.988  INFO 69128 --- [restartedMain] org.hibernate.Version                    : HHH000412: Hibernate Core {5.2.14.Final}
2019-10-02 11:17:07.989  INFO 69128 --- [restartedMain] org.hibernate.cfg.Environment            : HHH000206: hibernate.properties not found
2019-10-02 11:17:08.010  INFO 69128 --- [restartedMain] o.hibernate.annotations.common.Version   : HCANN000001: Hibernate Commons Annotations {5.0.1.Final}
2019-10-02 11:17:08.081  INFO 69128 --- [restartedMain] org.hibernate.dialect.Dialect            : HHH000400: Using dialect: org.hibernate.dialect.MySQL5Dialect
2019-10-02 11:17:08.466  INFO 69128 --- [restartedMain] o.h.t.schema.internal.SchemaCreatorImpl  : HHH000476: Executing import script 'org.hibernate.tool.schema.internal.exec.ScriptSourceInputNonExistentImpl@2617a327'
2019-10-02 11:17:08.469  INFO 69128 --- [restartedMain] j.LocalContainerEntityManagerFactoryBean : Initialized JPA EntityManagerFactory for persistence unit 'default'
2019-10-02 11:17:08.899  INFO 69128 --- [restartedMain] s.w.s.m.m.a.RequestMappingHandlerAdapter : Looking for @ControllerAdvice: org.springframework.boot.web.servlet.context.AnnotationConfigServletWebServerApplicationContext@26ff82bf: startup date [Wed Oct 02 11:17:05 CDT 2019]; root of context hierarchy
2019-10-02 11:17:08.922  WARN 69128 --- [restartedMain] aWebConfiguration$JpaWebMvcConfiguration : spring.jpa.open-in-view is enabled by default. Therefore, database queries may be performed during view rendering. Explicitly configure spring.jpa.open-in-view to disable this warning
2019-10-02 11:17:08.941  INFO 69128 --- [restartedMain] s.w.s.m.m.a.RequestMappingHandlerMapping : Mapped "{[/owners/deleteall],methods=[POST]}" onto public void org.springframework.samples.outreach.owner.OwnerController.deleteAll()
2019-10-02 11:17:08.943  INFO 69128 --- [restartedMain] s.w.s.m.m.a.RequestMappingHandlerMapping : Mapped "{[/owners/add],methods=[POST]}" onto public java.lang.String org.springframework.samples.outreach.owner.OwnerController.createEmployee(org.springframework.samples.outreach.owner.Owners)
2019-10-02 11:17:08.943  INFO 69128 --- [restartedMain] s.w.s.m.m.a.RequestMappingHandlerMapping : Mapped "{[/owners],methods=[GET]}" onto public java.util.List<org.springframework.samples.outreach.owner.Owners> org.springframework.samples.outreach.owner.OwnerController.getAllOwners()
2019-10-02 11:17:08.943  INFO 69128 --- [restartedMain] s.w.s.m.m.a.RequestMappingHandlerMapping : Mapped "{[/owners/{ownerId}],methods=[GET]}" onto public java.util.Optional<org.springframework.samples.outreach.owner.Owners> org.springframework.samples.outreach.owner.OwnerController.findOwnerById(int)
2019-10-02 11:17:08.943  INFO 69128 --- [restartedMain] s.w.s.m.m.a.RequestMappingHandlerMapping : Mapped "{[/owners/delete/{id}],methods=[POST]}" onto public void org.springframework.samples.outreach.owner.OwnerController.deleteEmployeeById(int) throws java.lang.Exception
2019-10-02 11:17:08.944  INFO 69128 --- [restartedMain] s.w.s.m.m.a.RequestMappingHandlerMapping : Mapped "{[/qrcodes],methods=[GET]}" onto public java.util.List<org.springframework.samples.outreach.owner.QrCode> org.springframework.samples.outreach.owner.QrCodeController.getAllQrCodess()
2019-10-02 11:17:08.944  INFO 69128 --- [restartedMain] s.w.s.m.m.a.RequestMappingHandlerMapping : Mapped "{[/qrcodes/{ownerId}],methods=[GET]}" onto public java.util.Optional<org.springframework.samples.outreach.owner.QrCode> org.springframework.samples.outreach.owner.QrCodeController.findQrCodeById(int)
2019-10-02 11:17:08.944  INFO 69128 --- [restartedMain] s.w.s.m.m.a.RequestMappingHandlerMapping : Mapped "{[/oups],methods=[GET]}" onto public java.lang.String org.springframework.samples.outreach.system.CrashController.triggerException()
2019-10-02 11:17:08.946  INFO 69128 --- [restartedMain] s.w.s.m.m.a.RequestMappingHandlerMapping : Mapped "{[/],methods=[GET]}" onto public java.lang.String org.springframework.samples.outreach.system.WelcomeController.welcome()
2019-10-02 11:17:08.949  INFO 69128 --- [restartedMain] s.w.s.m.m.a.RequestMappingHandlerMapping : Mapped "{[/error]}" onto public org.springframework.http.ResponseEntity<java.util.Map<java.lang.String, java.lang.Object>> org.springframework.boot.autoconfigure.web.servlet.error.BasicErrorController.error(javax.servlet.http.HttpServletRequest)
2019-10-02 11:17:08.950  INFO 69128 --- [restartedMain] s.w.s.m.m.a.RequestMappingHandlerMapping : Mapped "{[/error],produces=[text/html]}" onto public org.springframework.web.servlet.ModelAndView org.springframework.boot.autoconfigure.web.servlet.error.BasicErrorController.errorHtml(javax.servlet.http.HttpServletRequest,javax.servlet.http.HttpServletResponse)
2019-10-02 11:17:08.982  INFO 69128 --- [restartedMain] o.s.w.s.handler.SimpleUrlHandlerMapping  : Mapped URL path [/webjars/**] onto handler of type [class org.springframework.web.servlet.resource.ResourceHttpRequestHandler]
2019-10-02 11:17:08.982  INFO 69128 --- [restartedMain] o.s.w.s.handler.SimpleUrlHandlerMapping  : Mapped URL path [/**] onto handler of type [class org.springframework.web.servlet.resource.ResourceHttpRequestHandler]
2019-10-02 11:17:09.016  INFO 69128 --- [restartedMain] o.s.w.s.handler.SimpleUrlHandlerMapping  : Mapped URL path [/**/favicon.ico] onto handler of type [class org.springframework.web.servlet.resource.ResourceHttpRequestHandler]
2019-10-02 11:17:09.245  INFO 69128 --- [restartedMain] o.s.b.d.a.OptionalLiveReloadServer       : LiveReload server is running on port 35729
2019-10-02 11:17:09.265  INFO 69128 --- [restartedMain] s.b.a.e.w.s.WebMvcEndpointHandlerMapping : Mapped "{[/actuator/health],methods=[GET],produces=[application/vnd.spring-boot.actuator.v2+json || application/json]}" onto public java.lang.Object org.springframework.boot.actuate.endpoint.web.servlet.AbstractWebMvcEndpointHandlerMapping$OperationHandler.handle(javax.servlet.http.HttpServletRequest,java.util.Map<java.lang.String, java.lang.String>)
2019-10-02 11:17:09.265  INFO 69128 --- [restartedMain] s.b.a.e.w.s.WebMvcEndpointHandlerMapping : Mapped "{[/actuator/info],methods=[GET],produces=[application/vnd.spring-boot.actuator.v2+json || application/json]}" onto public java.lang.Object org.springframework.boot.actuate.endpoint.web.servlet.AbstractWebMvcEndpointHandlerMapping$OperationHandler.handle(javax.servlet.http.HttpServletRequest,java.util.Map<java.lang.String, java.lang.String>)
2019-10-02 11:17:09.266  INFO 69128 --- [restartedMain] s.b.a.e.w.s.WebMvcEndpointHandlerMapping : Mapped "{[/actuator],methods=[GET],produces=[application/vnd.spring-boot.actuator.v2+json || application/json]}" onto protected java.util.Map<java.lang.String, java.util.Map<java.lang.String, org.springframework.boot.actuate.endpoint.web.Link>> org.springframework.boot.actuate.endpoint.web.servlet.WebMvcEndpointHandlerMapping.links(javax.servlet.http.HttpServletRequest,javax.servlet.http.HttpServletResponse)
2019-10-02 11:17:09.340  INFO 69128 --- [restartedMain] o.s.j.e.a.AnnotationMBeanExporter        : Registering beans for JMX exposure on startup
2019-10-02 11:17:09.341  INFO 69128 --- [restartedMain] o.s.j.e.a.AnnotationMBeanExporter        : Bean with name 'dataSource' has been autodetected for JMX exposure
2019-10-02 11:17:09.347  INFO 69128 --- [restartedMain] o.s.j.e.a.AnnotationMBeanExporter        : Located MBean 'dataSource': registering with JMX server as MBean [com.zaxxer.hikari:name=dataSource,type=HikariDataSource]
2019-10-02 11:17:09.383  INFO 69128 --- [restartedMain] o.s.b.w.embedded.tomcat.TomcatWebServer  : Tomcat started on port(s): 8080 (http) with context path ''
2019-10-02 11:17:09.386  INFO 69128 --- [restartedMain] o.s.s.outreach.OutReachApplication       : Started OutReachApplication in 3.888 seconds (JVM running for 4.92)
2019-10-02 11:17:11.418  INFO 69128 --- [RMI TCP Connection(3)-127.0.0.1] o.a.c.c.C.[Tomcat].[localhost].[/]       : Initializing Spring FrameworkServlet 'dispatcherServlet'
2019-10-02 11:17:11.419  INFO 69128 --- [RMI TCP Connection(3)-127.0.0.1] o.s.web.servlet.DispatcherServlet        : FrameworkServlet 'dispatcherServlet': initialization started
2019-10-02 11:17:11.431  INFO 69128 --- [RMI TCP Connection(3)-127.0.0.1] o.s.web.servlet.DispatcherServlet        : FrameworkServlet 'dispatcherServlet': initialization completed in 12 ms
2019-10-02 11:17:16.051  INFO 69128 --- [http-nio-8080-exec-2] o.s.s.outreach.owner.OwnerController     : Entered into Controller Layer
2019-10-02 11:17:16.096  INFO 69128 --- [http-nio-8080-exec-2] o.h.h.i.QueryTranslatorFactoryInitiator  : HHH000397: Using ASTQueryTranslatorFactory
2019-10-02 11:17:16.199  INFO 69128 --- [http-nio-8080-exec-2] o.s.s.outreach.owner.OwnerController     : Number of Records Fetched:0
2019-10-02 11:17:30.276  WARN 69128 --- [http-nio-8080-exec-4] .w.s.m.s.DefaultHandlerExceptionResolver : Failed to bind request element: org.springframework.web.method.annotation.MethodArgumentTypeMismatchException: Failed to convert value of type 'java.lang.String' to required type 'int'; nested exception is java.lang.NumberFormatException: For input string: "add"
2019-10-02 11:17:30.276  WARN 69128 --- [http-nio-8080-exec-4] .w.s.m.s.DefaultHandlerExceptionResolver : Resolved exception caused by Handler execution: org.springframework.web.method.annotation.MethodArgumentTypeMismatchException: Failed to convert value of type 'java.lang.String' to required type 'int'; nested exception is java.lang.NumberFormatException: For input string: "add"
2019-10-02 11:17:49.502  WARN 69128 --- [http-nio-8080-exec-7] .w.s.m.s.DefaultHandlerExceptionResolver : Failed to bind request element: org.springframework.web.method.annotation.MethodArgumentTypeMismatchException: Failed to convert value of type 'java.lang.String' to required type 'int'; nested exception is java.lang.NumberFormatException: For input string: "add"
2019-10-02 11:17:49.502  WARN 69128 --- [http-nio-8080-exec-7] .w.s.m.s.DefaultHandlerExceptionResolver : Resolved exception caused by Handler execution: org.springframework.web.method.annotation.MethodArgumentTypeMismatchException: Failed to convert value of type 'java.lang.String' to required type 'int'; nested exception is java.lang.NumberFormatException: For input string: "add"
2019-10-02 11:17:51.795  WARN 69128 --- [http-nio-8080-exec-6] .w.s.m.s.DefaultHandlerExceptionResolver : Failed to bind request element: org.springframework.web.method.annotation.MethodArgumentTypeMismatchException: Failed to convert value of type 'java.lang.String' to required type 'int'; nested exception is java.lang.NumberFormatException: For input string: "add"
2019-10-02 11:17:51.795  WARN 69128 --- [http-nio-8080-exec-6] .w.s.m.s.DefaultHandlerExceptionResolver : Resolved exception caused by Handler execution: org.springframework.web.method.annotation.MethodArgumentTypeMismatchException: Failed to convert value of type 'java.lang.String' to required type 'int'; nested exception is java.lang.NumberFormatException: For input string: "add"
2019-10-02 11:17:52.368  INFO 69128 --- [http-nio-8080-exec-8] o.s.s.outreach.owner.OwnerController     : Entered into Controller Layer
2019-10-02 11:17:52.375  INFO 69128 --- [http-nio-8080-exec-8] o.s.s.outreach.owner.OwnerController     : Number of Records Fetched:1
2019-10-02 11:21:13.420  INFO 69128 --- [RMI TCP Connection(14)-127.0.0.1] inMXBeanRegistrar$SpringApplicationAdmin : Application shutdown requested.
2019-10-02 11:21:13.420  INFO 69128 --- [RMI TCP Connection(14)-127.0.0.1] ConfigServletWebServerApplicationContext : Closing org.springframework.boot.web.servlet.context.AnnotationConfigServletWebServerApplicationContext@26ff82bf: startup date [Wed Oct 02 11:17:05 CDT 2019]; root of context hierarchy
2019-10-02 11:21:13.424  INFO 69128 --- [RMI TCP Connection(14)-127.0.0.1] o.s.j.e.a.AnnotationMBeanExporter        : Unregistering JMX-exposed beans on shutdown
2019-10-02 11:21:13.424  INFO 69128 --- [RMI TCP Connection(14)-127.0.0.1] o.s.j.e.a.AnnotationMBeanExporter        : Unregistering JMX-exposed beans
2019-10-02 11:21:13.425  INFO 69128 --- [RMI TCP Connection(14)-127.0.0.1] j.LocalContainerEntityManagerFactoryBean : Closing JPA EntityManagerFactory for persistence unit 'default'
2019-10-02 11:21:13.427  INFO 69128 --- [RMI TCP Connection(14)-127.0.0.1] com.zaxxer.hikari.HikariDataSource       : HikariPool-1 - Shutdown initiated...
2019-10-02 11:21:13.429  INFO 69128 --- [RMI TCP Connection(14)-127.0.0.1] com.zaxxer.hikari.HikariDataSource       : HikariPool-1 - Shutdown completed.
2019-10-02 16:34:24.559  INFO 78006 --- [restartedMain] o.s.s.outreach.OutReachApplication       : Starting OutReachApplication on kordell.student.iastate.edu with PID 78006 (/Users/kordellschrock/Desktop/petclinic-mysql-master/Spring/target/classes started by kordellschrock in /Users/kordellschrock/Desktop/petclinic-mysql-master/Spring)
2019-10-02 16:34:24.561  INFO 78006 --- [restartedMain] o.s.s.outreach.OutReachApplication       : No active profile set, falling back to default profiles: default
2019-10-02 16:34:24.624  INFO 78006 --- [restartedMain] ConfigServletWebServerApplicationContext : Refreshing org.springframework.boot.web.servlet.context.AnnotationConfigServletWebServerApplicationContext@1d4d8b1b: startup date [Wed Oct 02 16:34:24 CDT 2019]; root of context hierarchy
2019-10-02 16:34:25.690  INFO 78006 --- [restartedMain] trationDelegate$BeanPostProcessorChecker : Bean 'org.springframework.transaction.annotation.ProxyTransactionManagementConfiguration' of type [org.springframework.transaction.annotation.ProxyTransactionManagementConfiguration$$EnhancerBySpringCGLIB$$37ed0b79] is not eligible for getting processed by all BeanPostProcessors (for example: not eligible for auto-proxying)
2019-10-02 16:34:25.934  INFO 78006 --- [restartedMain] o.s.b.w.embedded.tomcat.TomcatWebServer  : Tomcat initialized with port(s): 8080 (http)
2019-10-02 16:34:25.949  INFO 78006 --- [restartedMain] o.apache.catalina.core.StandardService   : Starting service [Tomcat]
2019-10-02 16:34:25.949  INFO 78006 --- [restartedMain] org.apache.catalina.core.StandardEngine  : Starting Servlet Engine: Apache Tomcat/8.5.28
2019-10-02 16:34:25.953  INFO 78006 --- [localhost-startStop-1] o.a.catalina.core.AprLifecycleListener   : The APR based Apache Tomcat Native library which allows optimal performance in production environments was not found on the java.library.path: [/Users/kordellschrock/Library/Java/Extensions:/Library/Java/Extensions:/Network/Library/Java/Extensions:/System/Library/Java/Extensions:/usr/lib/java:.]
2019-10-02 16:34:26.015  INFO 78006 --- [localhost-startStop-1] o.a.c.c.C.[Tomcat].[localhost].[/]       : Initializing Spring embedded WebApplicationContext
2019-10-02 16:34:26.015  INFO 78006 --- [localhost-startStop-1] o.s.web.context.ContextLoader            : Root WebApplicationContext: initialization completed in 1391 ms
2019-10-02 16:34:26.575  INFO 78006 --- [localhost-startStop-1] o.s.b.w.servlet.ServletRegistrationBean  : Servlet dispatcherServlet mapped to [/]
2019-10-02 16:34:26.578  INFO 78006 --- [localhost-startStop-1] o.s.b.w.servlet.FilterRegistrationBean   : Mapping filter: 'characterEncodingFilter' to: [/*]
2019-10-02 16:34:26.578  INFO 78006 --- [localhost-startStop-1] o.s.b.w.servlet.FilterRegistrationBean   : Mapping filter: 'hiddenHttpMethodFilter' to: [/*]
2019-10-02 16:34:26.578  INFO 78006 --- [localhost-startStop-1] o.s.b.w.servlet.FilterRegistrationBean   : Mapping filter: 'httpPutFormContentFilter' to: [/*]
2019-10-02 16:34:26.578  INFO 78006 --- [localhost-startStop-1] o.s.b.w.servlet.FilterRegistrationBean   : Mapping filter: 'requestContextFilter' to: [/*]
2019-10-02 16:34:26.579  INFO 78006 --- [localhost-startStop-1] o.s.b.w.servlet.FilterRegistrationBean   : Mapping filter: 'httpTraceFilter' to: [/*]
2019-10-02 16:34:26.579  INFO 78006 --- [localhost-startStop-1] o.s.b.w.servlet.FilterRegistrationBean   : Mapping filter: 'webMvcMetricsFilter' to: [/*]
2019-10-02 16:34:26.656  INFO 78006 --- [restartedMain] com.zaxxer.hikari.HikariDataSource       : HikariPool-1 - Starting...
2019-10-02 16:34:26.896  INFO 78006 --- [restartedMain] com.zaxxer.hikari.HikariDataSource       : HikariPool-1 - Start completed.
2019-10-02 16:34:26.923  INFO 78006 --- [restartedMain] j.LocalContainerEntityManagerFactoryBean : Building JPA container EntityManagerFactory for persistence unit 'default'
2019-10-02 16:34:26.932  INFO 78006 --- [restartedMain] o.hibernate.jpa.internal.util.LogHelper  : HHH000204: Processing PersistenceUnitInfo [
	name: default
	...]
2019-10-02 16:34:26.967  INFO 78006 --- [restartedMain] org.hibernate.Version                    : HHH000412: Hibernate Core {5.2.14.Final}
2019-10-02 16:34:26.968  INFO 78006 --- [restartedMain] org.hibernate.cfg.Environment            : HHH000206: hibernate.properties not found
2019-10-02 16:34:26.990  INFO 78006 --- [restartedMain] o.hibernate.annotations.common.Version   : HCANN000001: Hibernate Commons Annotations {5.0.1.Final}
2019-10-02 16:34:27.065  INFO 78006 --- [restartedMain] org.hibernate.dialect.Dialect            : HHH000400: Using dialect: org.hibernate.dialect.MySQL5Dialect
2019-10-02 16:34:27.426  INFO 78006 --- [restartedMain] o.h.t.schema.internal.SchemaCreatorImpl  : HHH000476: Executing import script 'org.hibernate.tool.schema.internal.exec.ScriptSourceInputNonExistentImpl@d9410f4'
2019-10-02 16:34:27.428  INFO 78006 --- [restartedMain] j.LocalContainerEntityManagerFactoryBean : Initialized JPA EntityManagerFactory for persistence unit 'default'
2019-10-02 16:34:27.875  INFO 78006 --- [restartedMain] s.w.s.m.m.a.RequestMappingHandlerAdapter : Looking for @ControllerAdvice: org.springframework.boot.web.servlet.context.AnnotationConfigServletWebServerApplicationContext@1d4d8b1b: startup date [Wed Oct 02 16:34:24 CDT 2019]; root of context hierarchy
2019-10-02 16:34:27.901  WARN 78006 --- [restartedMain] aWebConfiguration$JpaWebMvcConfiguration : spring.jpa.open-in-view is enabled by default. Therefore, database queries may be performed during view rendering. Explicitly configure spring.jpa.open-in-view to disable this warning
2019-10-02 16:34:27.927  INFO 78006 --- [restartedMain] s.w.s.m.m.a.RequestMappingHandlerMapping : Mapped "{[/owners/add],methods=[POST]}" onto public java.lang.String org.springframework.samples.outreach.owner.OwnerController.createEmployee(org.springframework.samples.outreach.owner.Owners)
2019-10-02 16:34:27.938  INFO 78006 --- [restartedMain] s.w.s.m.m.a.RequestMappingHandlerMapping : Mapped "{[/owners],methods=[GET]}" onto public java.util.List<org.springframework.samples.outreach.owner.Owners> org.springframework.samples.outreach.owner.OwnerController.getAllOwners()
2019-10-02 16:34:27.938  INFO 78006 --- [restartedMain] s.w.s.m.m.a.RequestMappingHandlerMapping : Mapped "{[/owners/{ownerId}],methods=[GET]}" onto public java.util.Optional<org.springframework.samples.outreach.owner.Owners> org.springframework.samples.outreach.owner.OwnerController.findOwnerById(int)
2019-10-02 16:34:27.939  INFO 78006 --- [restartedMain] s.w.s.m.m.a.RequestMappingHandlerMapping : Mapped "{[/owners/delete/{id}],methods=[POST]}" onto public void org.springframework.samples.outreach.owner.OwnerController.deleteEmployeeById(int) throws java.lang.Exception
2019-10-02 16:34:27.939  INFO 78006 --- [restartedMain] s.w.s.m.m.a.RequestMappingHandlerMapping : Mapped "{[/owners/deleteall],methods=[POST]}" onto public void org.springframework.samples.outreach.owner.OwnerController.deleteAll()
2019-10-02 16:34:27.940  INFO 78006 --- [restartedMain] s.w.s.m.m.a.RequestMappingHandlerMapping : Mapped "{[/qrcodes],methods=[GET]}" onto public java.util.List<org.springframework.samples.outreach.owner.QrCode> org.springframework.samples.outreach.owner.QrCodeController.getAllQrCodess()
2019-10-02 16:34:27.940  INFO 78006 --- [restartedMain] s.w.s.m.m.a.RequestMappingHandlerMapping : Mapped "{[/qrcodes/{ownerId}],methods=[GET]}" onto public java.util.Optional<org.springframework.samples.outreach.owner.QrCode> org.springframework.samples.outreach.owner.QrCodeController.findQrCodeById(int)
2019-10-02 16:34:27.941  INFO 78006 --- [restartedMain] s.w.s.m.m.a.RequestMappingHandlerMapping : Mapped "{[/oups],methods=[GET]}" onto public java.lang.String org.springframework.samples.outreach.system.CrashController.triggerException()
2019-10-02 16:34:27.944  INFO 78006 --- [restartedMain] s.w.s.m.m.a.RequestMappingHandlerMapping : Mapped "{[/],methods=[GET]}" onto public java.lang.String org.springframework.samples.outreach.system.WelcomeController.welcome()
2019-10-02 16:34:27.948  INFO 78006 --- [restartedMain] s.w.s.m.m.a.RequestMappingHandlerMapping : Mapped "{[/error]}" onto public org.springframework.http.ResponseEntity<java.util.Map<java.lang.String, java.lang.Object>> org.springframework.boot.autoconfigure.web.servlet.error.BasicErrorController.error(javax.servlet.http.HttpServletRequest)
2019-10-02 16:34:27.949  INFO 78006 --- [restartedMain] s.w.s.m.m.a.RequestMappingHandlerMapping : Mapped "{[/error],produces=[text/html]}" onto public org.springframework.web.servlet.ModelAndView org.springframework.boot.autoconfigure.web.servlet.error.BasicErrorController.errorHtml(javax.servlet.http.HttpServletRequest,javax.servlet.http.HttpServletResponse)
2019-10-02 16:34:27.994  INFO 78006 --- [restartedMain] o.s.w.s.handler.SimpleUrlHandlerMapping  : Mapped URL path [/webjars/**] onto handler of type [class org.springframework.web.servlet.resource.ResourceHttpRequestHandler]
2019-10-02 16:34:27.994  INFO 78006 --- [restartedMain] o.s.w.s.handler.SimpleUrlHandlerMapping  : Mapped URL path [/**] onto handler of type [class org.springframework.web.servlet.resource.ResourceHttpRequestHandler]
2019-10-02 16:34:28.036  INFO 78006 --- [restartedMain] o.s.w.s.handler.SimpleUrlHandlerMapping  : Mapped URL path [/**/favicon.ico] onto handler of type [class org.springframework.web.servlet.resource.ResourceHttpRequestHandler]
2019-10-02 16:34:28.277  INFO 78006 --- [restartedMain] o.s.b.d.a.OptionalLiveReloadServer       : LiveReload server is running on port 35729
2019-10-02 16:34:28.300  INFO 78006 --- [restartedMain] s.b.a.e.w.s.WebMvcEndpointHandlerMapping : Mapped "{[/actuator/health],methods=[GET],produces=[application/vnd.spring-boot.actuator.v2+json || application/json]}" onto public java.lang.Object org.springframework.boot.actuate.endpoint.web.servlet.AbstractWebMvcEndpointHandlerMapping$OperationHandler.handle(javax.servlet.http.HttpServletRequest,java.util.Map<java.lang.String, java.lang.String>)
2019-10-02 16:34:28.300  INFO 78006 --- [restartedMain] s.b.a.e.w.s.WebMvcEndpointHandlerMapping : Mapped "{[/actuator/info],methods=[GET],produces=[application/vnd.spring-boot.actuator.v2+json || application/json]}" onto public java.lang.Object org.springframework.boot.actuate.endpoint.web.servlet.AbstractWebMvcEndpointHandlerMapping$OperationHandler.handle(javax.servlet.http.HttpServletRequest,java.util.Map<java.lang.String, java.lang.String>)
2019-10-02 16:34:28.301  INFO 78006 --- [restartedMain] s.b.a.e.w.s.WebMvcEndpointHandlerMapping : Mapped "{[/actuator],methods=[GET],produces=[application/vnd.spring-boot.actuator.v2+json || application/json]}" onto protected java.util.Map<java.lang.String, java.util.Map<java.lang.String, org.springframework.boot.actuate.endpoint.web.Link>> org.springframework.boot.actuate.endpoint.web.servlet.WebMvcEndpointHandlerMapping.links(javax.servlet.http.HttpServletRequest,javax.servlet.http.HttpServletResponse)
2019-10-02 16:34:28.373  INFO 78006 --- [restartedMain] o.s.j.e.a.AnnotationMBeanExporter        : Registering beans for JMX exposure on startup
2019-10-02 16:34:28.374  INFO 78006 --- [restartedMain] o.s.j.e.a.AnnotationMBeanExporter        : Bean with name 'dataSource' has been autodetected for JMX exposure
2019-10-02 16:34:28.380  INFO 78006 --- [restartedMain] o.s.j.e.a.AnnotationMBeanExporter        : Located MBean 'dataSource': registering with JMX server as MBean [com.zaxxer.hikari:name=dataSource,type=HikariDataSource]
2019-10-02 16:34:28.415  INFO 78006 --- [restartedMain] o.s.b.w.embedded.tomcat.TomcatWebServer  : Tomcat started on port(s): 8080 (http) with context path ''
2019-10-02 16:34:28.418  INFO 78006 --- [restartedMain] o.s.s.outreach.OutReachApplication       : Started OutReachApplication in 4.074 seconds (JVM running for 5.012)
2019-10-02 16:34:29.822  INFO 78006 --- [RMI TCP Connection(3)-127.0.0.1] o.a.c.c.C.[Tomcat].[localhost].[/]       : Initializing Spring FrameworkServlet 'dispatcherServlet'
2019-10-02 16:34:29.822  INFO 78006 --- [RMI TCP Connection(3)-127.0.0.1] o.s.web.servlet.DispatcherServlet        : FrameworkServlet 'dispatcherServlet': initialization started
2019-10-02 16:34:29.832  INFO 78006 --- [RMI TCP Connection(3)-127.0.0.1] o.s.web.servlet.DispatcherServlet        : FrameworkServlet 'dispatcherServlet': initialization completed in 10 ms
2019-10-02 16:36:23.179  INFO 78006 --- [http-nio-8080-exec-2] o.s.s.outreach.owner.QrCodeController    : Entered into Controller Layer
2019-10-02 16:36:23.216  INFO 78006 --- [http-nio-8080-exec-2] o.h.h.i.QueryTranslatorFactoryInitiator  : HHH000397: Using ASTQueryTranslatorFactory
2019-10-02 16:36:23.296  INFO 78006 --- [http-nio-8080-exec-2] o.s.s.outreach.owner.QrCodeController    : Number of Records Fetched:2
2019-10-02 16:39:38.276  INFO 78006 --- [http-nio-8080-exec-5] o.s.s.outreach.owner.QrCodeController    : Entered into Controller Layer
2019-10-02 16:39:38.280  INFO 78006 --- [http-nio-8080-exec-5] o.s.s.outreach.owner.QrCodeController    : Number of Records Fetched:2
2019-10-02 16:40:09.479  INFO 78006 --- [http-nio-8080-exec-6] o.s.s.outreach.owner.QrCodeController    : Entered into Controller Layer
2019-10-02 16:40:09.486  INFO 78006 --- [http-nio-8080-exec-6] o.s.s.outreach.owner.QrCodeController    : Number of Records Fetched:2
2019-10-02 16:40:11.095  INFO 78006 --- [http-nio-8080-exec-7] o.s.s.outreach.owner.QrCodeController    : Entered into Controller Layer
2019-10-02 16:40:11.098  INFO 78006 --- [http-nio-8080-exec-7] o.s.s.outreach.owner.QrCodeController    : Number of Records Fetched:2
2019-10-02 16:40:43.530  INFO 78006 --- [http-nio-8080-exec-8] o.s.s.outreach.owner.QrCodeController    : Entered into Controller Layer
2019-10-02 16:40:43.533  INFO 78006 --- [http-nio-8080-exec-8] o.s.s.outreach.owner.QrCodeController    : Number of Records Fetched:2
2019-10-02 16:41:23.080  INFO 78006 --- [RMI TCP Connection(17)-127.0.0.1] inMXBeanRegistrar$SpringApplicationAdmin : Application shutdown requested.
2019-10-02 16:41:23.080  INFO 78006 --- [RMI TCP Connection(17)-127.0.0.1] ConfigServletWebServerApplicationContext : Closing org.springframework.boot.web.servlet.context.AnnotationConfigServletWebServerApplicationContext@1d4d8b1b: startup date [Wed Oct 02 16:34:24 CDT 2019]; root of context hierarchy
2019-10-02 16:41:23.083  INFO 78006 --- [RMI TCP Connection(17)-127.0.0.1] o.s.j.e.a.AnnotationMBeanExporter        : Unregistering JMX-exposed beans on shutdown
2019-10-02 16:41:23.084  INFO 78006 --- [RMI TCP Connection(17)-127.0.0.1] o.s.j.e.a.AnnotationMBeanExporter        : Unregistering JMX-exposed beans
2019-10-02 16:41:23.085  INFO 78006 --- [RMI TCP Connection(17)-127.0.0.1] j.LocalContainerEntityManagerFactoryBean : Closing JPA EntityManagerFactory for persistence unit 'default'
2019-10-02 16:41:23.086  INFO 78006 --- [RMI TCP Connection(17)-127.0.0.1] com.zaxxer.hikari.HikariDataSource       : HikariPool-1 - Shutdown initiated...
2019-10-02 16:41:23.089  INFO 78006 --- [RMI TCP Connection(17)-127.0.0.1] com.zaxxer.hikari.HikariDataSource       : HikariPool-1 - Shutdown completed.
2019-10-02 16:43:49.647  INFO 78527 --- [restartedMain] o.s.s.outreach.OutReachApplication       : Starting OutReachApplication on kordell.student.iastate.edu with PID 78527 (/Users/kordellschrock/Desktop/petclinic-mysql-master/Spring/target/classes started by kordellschrock in /Users/kordellschrock/Desktop/petclinic-mysql-master/Spring)
2019-10-02 16:43:49.649  INFO 78527 --- [restartedMain] o.s.s.outreach.OutReachApplication       : No active profile set, falling back to default profiles: default
2019-10-02 16:43:49.708  INFO 78527 --- [restartedMain] ConfigServletWebServerApplicationContext : Refreshing org.springframework.boot.web.servlet.context.AnnotationConfigServletWebServerApplicationContext@6a828160: startup date [Wed Oct 02 16:43:49 CDT 2019]; root of context hierarchy
2019-10-02 16:43:50.666  INFO 78527 --- [restartedMain] trationDelegate$BeanPostProcessorChecker : Bean 'org.springframework.transaction.annotation.ProxyTransactionManagementConfiguration' of type [org.springframework.transaction.annotation.ProxyTransactionManagementConfiguration$$EnhancerBySpringCGLIB$$8244bf77] is not eligible for getting processed by all BeanPostProcessors (for example: not eligible for auto-proxying)
2019-10-02 16:43:50.892  INFO 78527 --- [restartedMain] o.s.b.w.embedded.tomcat.TomcatWebServer  : Tomcat initialized with port(s): 8080 (http)
2019-10-02 16:43:50.907  INFO 78527 --- [restartedMain] o.apache.catalina.core.StandardService   : Starting service [Tomcat]
2019-10-02 16:43:50.908  INFO 78527 --- [restartedMain] org.apache.catalina.core.StandardEngine  : Starting Servlet Engine: Apache Tomcat/8.5.28
2019-10-02 16:43:50.910  INFO 78527 --- [localhost-startStop-1] o.a.catalina.core.AprLifecycleListener   : The APR based Apache Tomcat Native library which allows optimal performance in production environments was not found on the java.library.path: [/Users/kordellschrock/Library/Java/Extensions:/Library/Java/Extensions:/Network/Library/Java/Extensions:/System/Library/Java/Extensions:/usr/lib/java:.]
2019-10-02 16:43:50.969  INFO 78527 --- [localhost-startStop-1] o.a.c.c.C.[Tomcat].[localhost].[/]       : Initializing Spring embedded WebApplicationContext
2019-10-02 16:43:50.969  INFO 78527 --- [localhost-startStop-1] o.s.web.context.ContextLoader            : Root WebApplicationContext: initialization completed in 1262 ms
2019-10-02 16:43:51.466  INFO 78527 --- [localhost-startStop-1] o.s.b.w.servlet.ServletRegistrationBean  : Servlet dispatcherServlet mapped to [/]
2019-10-02 16:43:51.468  INFO 78527 --- [localhost-startStop-1] o.s.b.w.servlet.FilterRegistrationBean   : Mapping filter: 'characterEncodingFilter' to: [/*]
2019-10-02 16:43:51.468  INFO 78527 --- [localhost-startStop-1] o.s.b.w.servlet.FilterRegistrationBean   : Mapping filter: 'hiddenHttpMethodFilter' to: [/*]
2019-10-02 16:43:51.468  INFO 78527 --- [localhost-startStop-1] o.s.b.w.servlet.FilterRegistrationBean   : Mapping filter: 'httpPutFormContentFilter' to: [/*]
2019-10-02 16:43:51.469  INFO 78527 --- [localhost-startStop-1] o.s.b.w.servlet.FilterRegistrationBean   : Mapping filter: 'requestContextFilter' to: [/*]
2019-10-02 16:43:51.469  INFO 78527 --- [localhost-startStop-1] o.s.b.w.servlet.FilterRegistrationBean   : Mapping filter: 'httpTraceFilter' to: [/*]
2019-10-02 16:43:51.469  INFO 78527 --- [localhost-startStop-1] o.s.b.w.servlet.FilterRegistrationBean   : Mapping filter: 'webMvcMetricsFilter' to: [/*]
2019-10-02 16:43:51.523  INFO 78527 --- [restartedMain] com.zaxxer.hikari.HikariDataSource       : HikariPool-1 - Starting...
2019-10-02 16:43:51.740  INFO 78527 --- [restartedMain] com.zaxxer.hikari.HikariDataSource       : HikariPool-1 - Start completed.
2019-10-02 16:43:51.765  INFO 78527 --- [restartedMain] j.LocalContainerEntityManagerFactoryBean : Building JPA container EntityManagerFactory for persistence unit 'default'
2019-10-02 16:43:51.773  INFO 78527 --- [restartedMain] o.hibernate.jpa.internal.util.LogHelper  : HHH000204: Processing PersistenceUnitInfo [
	name: default
	...]
2019-10-02 16:43:51.808  INFO 78527 --- [restartedMain] org.hibernate.Version                    : HHH000412: Hibernate Core {5.2.14.Final}
2019-10-02 16:43:51.808  INFO 78527 --- [restartedMain] org.hibernate.cfg.Environment            : HHH000206: hibernate.properties not found
2019-10-02 16:43:51.828  INFO 78527 --- [restartedMain] o.hibernate.annotations.common.Version   : HCANN000001: Hibernate Commons Annotations {5.0.1.Final}
2019-10-02 16:43:51.890  INFO 78527 --- [restartedMain] org.hibernate.dialect.Dialect            : HHH000400: Using dialect: org.hibernate.dialect.MySQL5Dialect
2019-10-02 16:43:52.180  INFO 78527 --- [restartedMain] o.h.t.schema.internal.SchemaCreatorImpl  : HHH000476: Executing import script 'org.hibernate.tool.schema.internal.exec.ScriptSourceInputNonExistentImpl@17f2e8fb'
2019-10-02 16:43:52.182  INFO 78527 --- [restartedMain] j.LocalContainerEntityManagerFactoryBean : Initialized JPA EntityManagerFactory for persistence unit 'default'
2019-10-02 16:43:52.582  INFO 78527 --- [restartedMain] s.w.s.m.m.a.RequestMappingHandlerAdapter : Looking for @ControllerAdvice: org.springframework.boot.web.servlet.context.AnnotationConfigServletWebServerApplicationContext@6a828160: startup date [Wed Oct 02 16:43:49 CDT 2019]; root of context hierarchy
2019-10-02 16:43:52.608  WARN 78527 --- [restartedMain] aWebConfiguration$JpaWebMvcConfiguration : spring.jpa.open-in-view is enabled by default. Therefore, database queries may be performed during view rendering. Explicitly configure spring.jpa.open-in-view to disable this warning
2019-10-02 16:43:52.630  INFO 78527 --- [restartedMain] s.w.s.m.m.a.RequestMappingHandlerMapping : Mapped "{[/owners/deleteall],methods=[POST]}" onto public void org.springframework.samples.outreach.owner.OwnerController.deleteAll()
2019-10-02 16:43:52.632  INFO 78527 --- [restartedMain] s.w.s.m.m.a.RequestMappingHandlerMapping : Mapped "{[/owners/add],methods=[POST]}" onto public java.lang.String org.springframework.samples.outreach.owner.OwnerController.createEmployee(org.springframework.samples.outreach.owner.Owners)
2019-10-02 16:43:52.632  INFO 78527 --- [restartedMain] s.w.s.m.m.a.RequestMappingHandlerMapping : Mapped "{[/owners],methods=[GET]}" onto public java.util.List<org.springframework.samples.outreach.owner.Owners> org.springframework.samples.outreach.owner.OwnerController.getAllOwners()
2019-10-02 16:43:52.632  INFO 78527 --- [restartedMain] s.w.s.m.m.a.RequestMappingHandlerMapping : Mapped "{[/owners/{ownerId}],methods=[GET]}" onto public java.util.Optional<org.springframework.samples.outreach.owner.Owners> org.springframework.samples.outreach.owner.OwnerController.findOwnerById(int)
2019-10-02 16:43:52.633  INFO 78527 --- [restartedMain] s.w.s.m.m.a.RequestMappingHandlerMapping : Mapped "{[/owners/delete/{id}],methods=[POST]}" onto public void org.springframework.samples.outreach.owner.OwnerController.deleteEmployeeById(int) throws java.lang.Exception
2019-10-02 16:43:52.633  INFO 78527 --- [restartedMain] s.w.s.m.m.a.RequestMappingHandlerMapping : Mapped "{[/qrcodes],methods=[GET]}" onto public java.util.List<org.springframework.samples.outreach.owner.QrCode> org.springframework.samples.outreach.owner.QrCodeController.getAllQrCodess()
2019-10-02 16:43:52.633  INFO 78527 --- [restartedMain] s.w.s.m.m.a.RequestMappingHandlerMapping : Mapped "{[/qrcodes/{ownerId}],methods=[GET]}" onto public java.util.Optional<org.springframework.samples.outreach.owner.QrCode> org.springframework.samples.outreach.owner.QrCodeController.findQrCodeById(int)
2019-10-02 16:43:52.634  INFO 78527 --- [restartedMain] s.w.s.m.m.a.RequestMappingHandlerMapping : Mapped "{[/oups],methods=[GET]}" onto public java.lang.String org.springframework.samples.outreach.system.CrashController.triggerException()
2019-10-02 16:43:52.635  INFO 78527 --- [restartedMain] s.w.s.m.m.a.RequestMappingHandlerMapping : Mapped "{[/],methods=[GET]}" onto public java.lang.String org.springframework.samples.outreach.system.WelcomeController.welcome()
2019-10-02 16:43:52.638  INFO 78527 --- [restartedMain] s.w.s.m.m.a.RequestMappingHandlerMapping : Mapped "{[/error]}" onto public org.springframework.http.ResponseEntity<java.util.Map<java.lang.String, java.lang.Object>> org.springframework.boot.autoconfigure.web.servlet.error.BasicErrorController.error(javax.servlet.http.HttpServletRequest)
2019-10-02 16:43:52.639  INFO 78527 --- [restartedMain] s.w.s.m.m.a.RequestMappingHandlerMapping : Mapped "{[/error],produces=[text/html]}" onto public org.springframework.web.servlet.ModelAndView org.springframework.boot.autoconfigure.web.servlet.error.BasicErrorController.errorHtml(javax.servlet.http.HttpServletRequest,javax.servlet.http.HttpServletResponse)
2019-10-02 16:43:52.673  INFO 78527 --- [restartedMain] o.s.w.s.handler.SimpleUrlHandlerMapping  : Mapped URL path [/webjars/**] onto handler of type [class org.springframework.web.servlet.resource.ResourceHttpRequestHandler]
2019-10-02 16:43:52.673  INFO 78527 --- [restartedMain] o.s.w.s.handler.SimpleUrlHandlerMapping  : Mapped URL path [/**] onto handler of type [class org.springframework.web.servlet.resource.ResourceHttpRequestHandler]
2019-10-02 16:43:52.714  INFO 78527 --- [restartedMain] o.s.w.s.handler.SimpleUrlHandlerMapping  : Mapped URL path [/**/favicon.ico] onto handler of type [class org.springframework.web.servlet.resource.ResourceHttpRequestHandler]
2019-10-02 16:43:52.953  INFO 78527 --- [restartedMain] o.s.b.d.a.OptionalLiveReloadServer       : LiveReload server is running on port 35729
2019-10-02 16:43:52.969  INFO 78527 --- [restartedMain] s.b.a.e.w.s.WebMvcEndpointHandlerMapping : Mapped "{[/actuator/health],methods=[GET],produces=[application/vnd.spring-boot.actuator.v2+json || application/json]}" onto public java.lang.Object org.springframework.boot.actuate.endpoint.web.servlet.AbstractWebMvcEndpointHandlerMapping$OperationHandler.handle(javax.servlet.http.HttpServletRequest,java.util.Map<java.lang.String, java.lang.String>)
2019-10-02 16:43:52.970  INFO 78527 --- [restartedMain] s.b.a.e.w.s.WebMvcEndpointHandlerMapping : Mapped "{[/actuator/info],methods=[GET],produces=[application/vnd.spring-boot.actuator.v2+json || application/json]}" onto public java.lang.Object org.springframework.boot.actuate.endpoint.web.servlet.AbstractWebMvcEndpointHandlerMapping$OperationHandler.handle(javax.servlet.http.HttpServletRequest,java.util.Map<java.lang.String, java.lang.String>)
2019-10-02 16:43:52.970  INFO 78527 --- [restartedMain] s.b.a.e.w.s.WebMvcEndpointHandlerMapping : Mapped "{[/actuator],methods=[GET],produces=[application/vnd.spring-boot.actuator.v2+json || application/json]}" onto protected java.util.Map<java.lang.String, java.util.Map<java.lang.String, org.springframework.boot.actuate.endpoint.web.Link>> org.springframework.boot.actuate.endpoint.web.servlet.WebMvcEndpointHandlerMapping.links(javax.servlet.http.HttpServletRequest,javax.servlet.http.HttpServletResponse)
2019-10-02 16:43:53.044  INFO 78527 --- [restartedMain] o.s.j.e.a.AnnotationMBeanExporter        : Registering beans for JMX exposure on startup
2019-10-02 16:43:53.045  INFO 78527 --- [restartedMain] o.s.j.e.a.AnnotationMBeanExporter        : Bean with name 'dataSource' has been autodetected for JMX exposure
2019-10-02 16:43:53.050  INFO 78527 --- [restartedMain] o.s.j.e.a.AnnotationMBeanExporter        : Located MBean 'dataSource': registering with JMX server as MBean [com.zaxxer.hikari:name=dataSource,type=HikariDataSource]
2019-10-02 16:43:53.088  INFO 78527 --- [restartedMain] o.s.b.w.embedded.tomcat.TomcatWebServer  : Tomcat started on port(s): 8080 (http) with context path ''
2019-10-02 16:43:53.091  INFO 78527 --- [restartedMain] o.s.s.outreach.OutReachApplication       : Started OutReachApplication in 3.646 seconds (JVM running for 4.148)
2019-10-02 16:43:53.302  INFO 78527 --- [RMI TCP Connection(3)-127.0.0.1] o.a.c.c.C.[Tomcat].[localhost].[/]       : Initializing Spring FrameworkServlet 'dispatcherServlet'
2019-10-02 16:43:53.303  INFO 78527 --- [RMI TCP Connection(3)-127.0.0.1] o.s.web.servlet.DispatcherServlet        : FrameworkServlet 'dispatcherServlet': initialization started
2019-10-02 16:43:53.311  INFO 78527 --- [RMI TCP Connection(3)-127.0.0.1] o.s.web.servlet.DispatcherServlet        : FrameworkServlet 'dispatcherServlet': initialization completed in 8 ms
2019-10-02 16:43:58.368  INFO 78527 --- [http-nio-8080-exec-2] o.s.s.outreach.owner.QrCodeController    : Entered into Controller Layer
2019-10-02 16:43:58.404  INFO 78527 --- [http-nio-8080-exec-2] o.h.h.i.QueryTranslatorFactoryInitiator  : HHH000397: Using ASTQueryTranslatorFactory
2019-10-02 16:43:58.481  INFO 78527 --- [http-nio-8080-exec-2] o.s.s.outreach.owner.QrCodeController    : Number of Records Fetched:0
2019-10-02 16:44:14.359  INFO 78527 --- [http-nio-8080-exec-3] o.s.s.outreach.owner.QrCodeController    : Entered into Controller Layer
2019-10-02 16:44:14.370  INFO 78527 --- [http-nio-8080-exec-3] o.s.s.outreach.owner.QrCodeController    : Number of Records Fetched:1
2019-10-02 16:45:28.324  INFO 78527 --- [http-nio-8080-exec-6] o.s.s.outreach.owner.QrCodeController    : Entered into Controller Layer
2019-10-02 16:45:28.328  INFO 78527 --- [http-nio-8080-exec-6] o.s.s.outreach.owner.QrCodeController    : Number of Records Fetched:2
2019-10-02 16:57:21.277  INFO 78527 --- [http-nio-8080-exec-9] o.s.s.outreach.owner.QrCodeController    : Entered into Controller Layer
2019-10-02 16:57:21.282  INFO 78527 --- [http-nio-8080-exec-9] o.s.s.outreach.owner.QrCodeController    : Number of Records Fetched:2
2019-10-02 17:17:23.668  WARN 78527 --- [HikariPool-1 housekeeper] com.zaxxer.hikari.pool.HikariPool        : HikariPool-1 - Thread starvation or clock leap detected (housekeeper delta=20m1s767ms).
2019-10-02 17:49:36.019  INFO 78527 --- [http-nio-8080-exec-2] o.s.s.outreach.owner.QrCodeController    : Entered into Controller Layer
2019-10-02 17:49:36.031  INFO 78527 --- [http-nio-8080-exec-2] o.s.s.outreach.owner.QrCodeController    : Number of Records Fetched:3
2019-10-02 17:50:01.844  INFO 78527 --- [http-nio-8080-exec-3] o.s.s.outreach.owner.QrCodeController    : Entered into Controller Layer
2019-10-02 17:50:01.852  INFO 78527 --- [http-nio-8080-exec-3] o.s.s.outreach.owner.QrCodeController    : Number of Records Fetched:4
2019-10-02 17:53:30.593  INFO 78527 --- [Thread-9] ConfigServletWebServerApplicationContext : Closing org.springframework.boot.web.servlet.context.AnnotationConfigServletWebServerApplicationContext@6a828160: startup date [Wed Oct 02 16:43:49 CDT 2019]; root of context hierarchy
2019-10-02 17:53:30.612  INFO 78527 --- [Thread-9] o.s.j.e.a.AnnotationMBeanExporter        : Unregistering JMX-exposed beans on shutdown
2019-10-02 17:53:30.613  INFO 78527 --- [Thread-9] o.s.j.e.a.AnnotationMBeanExporter        : Unregistering JMX-exposed beans
2019-10-02 17:53:30.616  INFO 78527 --- [Thread-9] j.LocalContainerEntityManagerFactoryBean : Closing JPA EntityManagerFactory for persistence unit 'default'
2019-10-02 17:53:30.628  INFO 78527 --- [Thread-9] com.zaxxer.hikari.HikariDataSource       : HikariPool-1 - Shutdown initiated...
2019-10-02 17:53:30.633  INFO 78527 --- [Thread-9] com.zaxxer.hikari.HikariDataSource       : HikariPool-1 - Shutdown completed.
2019-10-02 17:53:33.145  INFO 78527 --- [restartedMain] o.s.s.outreach.OutReachApplication       : Starting OutReachApplication on kordell.student.iastate.edu with PID 78527 (/Users/kordellschrock/Desktop/petclinic-mysql-master/Spring/target/classes started by kordellschrock in /Users/kordellschrock/Desktop/petclinic-mysql-master/Spring)
2019-10-02 17:53:33.145  INFO 78527 --- [restartedMain] o.s.s.outreach.OutReachApplication       : No active profile set, falling back to default profiles: default
2019-10-02 17:53:33.148  INFO 78527 --- [restartedMain] ConfigServletWebServerApplicationContext : Refreshing org.springframework.boot.web.servlet.context.AnnotationConfigServletWebServerApplicationContext@5020b9ac: startup date [Wed Oct 02 17:53:33 CDT 2019]; root of context hierarchy
2019-10-02 17:53:33.455  INFO 78527 --- [restartedMain] trationDelegate$BeanPostProcessorChecker : Bean 'org.springframework.transaction.annotation.ProxyTransactionManagementConfiguration' of type [org.springframework.transaction.annotation.ProxyTransactionManagementConfiguration$$EnhancerBySpringCGLIB$$8244bf77] is not eligible for getting processed by all BeanPostProcessors (for example: not eligible for auto-proxying)
2019-10-02 17:53:33.509  INFO 78527 --- [restartedMain] o.s.b.w.embedded.tomcat.TomcatWebServer  : Tomcat initialized with port(s): 8080 (http)
2019-10-02 17:53:33.510  INFO 78527 --- [restartedMain] o.apache.catalina.core.StandardService   : Starting service [Tomcat]
2019-10-02 17:53:33.510  INFO 78527 --- [restartedMain] org.apache.catalina.core.StandardEngine  : Starting Servlet Engine: Apache Tomcat/8.5.28
2019-10-02 17:53:33.516  INFO 78527 --- [localhost-startStop-1] o.a.c.c.C.[Tomcat].[localhost].[/]       : Initializing Spring embedded WebApplicationContext
2019-10-02 17:53:33.517  INFO 78527 --- [localhost-startStop-1] o.s.web.context.ContextLoader            : Root WebApplicationContext: initialization completed in 369 ms
2019-10-02 17:53:33.708  INFO 78527 --- [localhost-startStop-1] o.s.b.w.servlet.ServletRegistrationBean  : Servlet dispatcherServlet mapped to [/]
2019-10-02 17:53:33.708  INFO 78527 --- [localhost-startStop-1] o.s.b.w.servlet.FilterRegistrationBean   : Mapping filter: 'characterEncodingFilter' to: [/*]
2019-10-02 17:53:33.708  INFO 78527 --- [localhost-startStop-1] o.s.b.w.servlet.FilterRegistrationBean   : Mapping filter: 'hiddenHttpMethodFilter' to: [/*]
2019-10-02 17:53:33.708  INFO 78527 --- [localhost-startStop-1] o.s.b.w.servlet.FilterRegistrationBean   : Mapping filter: 'httpPutFormContentFilter' to: [/*]
2019-10-02 17:53:33.708  INFO 78527 --- [localhost-startStop-1] o.s.b.w.servlet.FilterRegistrationBean   : Mapping filter: 'requestContextFilter' to: [/*]
2019-10-02 17:53:33.709  INFO 78527 --- [localhost-startStop-1] o.s.b.w.servlet.FilterRegistrationBean   : Mapping filter: 'httpTraceFilter' to: [/*]
2019-10-02 17:53:33.709  INFO 78527 --- [localhost-startStop-1] o.s.b.w.servlet.FilterRegistrationBean   : Mapping filter: 'webMvcMetricsFilter' to: [/*]
2019-10-02 17:53:33.734  INFO 78527 --- [restartedMain] com.zaxxer.hikari.HikariDataSource       : HikariPool-2 - Starting...
2019-10-02 17:53:33.741  INFO 78527 --- [restartedMain] com.zaxxer.hikari.HikariDataSource       : HikariPool-2 - Start completed.
2019-10-02 17:53:33.745  INFO 78527 --- [restartedMain] j.LocalContainerEntityManagerFactoryBean : Building JPA container EntityManagerFactory for persistence unit 'default'
2019-10-02 17:53:33.746  INFO 78527 --- [restartedMain] o.hibernate.jpa.internal.util.LogHelper  : HHH000204: Processing PersistenceUnitInfo [
	name: default
	...]
2019-10-02 17:53:33.753  INFO 78527 --- [restartedMain] org.hibernate.dialect.Dialect            : HHH000400: Using dialect: org.hibernate.dialect.MySQL5Dialect
2019-10-02 17:53:33.803  INFO 78527 --- [restartedMain] o.h.t.schema.internal.SchemaCreatorImpl  : HHH000476: Executing import script 'org.hibernate.tool.schema.internal.exec.ScriptSourceInputNonExistentImpl@17f2e8fb'
2019-10-02 17:53:33.804  INFO 78527 --- [restartedMain] j.LocalContainerEntityManagerFactoryBean : Initialized JPA EntityManagerFactory for persistence unit 'default'
2019-10-02 17:53:33.948  INFO 78527 --- [restartedMain] s.w.s.m.m.a.RequestMappingHandlerAdapter : Looking for @ControllerAdvice: org.springframework.boot.web.servlet.context.AnnotationConfigServletWebServerApplicationContext@5020b9ac: startup date [Wed Oct 02 17:53:33 CDT 2019]; root of context hierarchy
2019-10-02 17:53:33.960  WARN 78527 --- [restartedMain] aWebConfiguration$JpaWebMvcConfiguration : spring.jpa.open-in-view is enabled by default. Therefore, database queries may be performed during view rendering. Explicitly configure spring.jpa.open-in-view to disable this warning
2019-10-02 17:53:33.965  INFO 78527 --- [restartedMain] s.w.s.m.m.a.RequestMappingHandlerMapping : Mapped "{[/owners/deleteall],methods=[POST]}" onto public void org.springframework.samples.outreach.owner.OwnerController.deleteAll()
2019-10-02 17:53:33.965  INFO 78527 --- [restartedMain] s.w.s.m.m.a.RequestMappingHandlerMapping : Mapped "{[/owners/add],methods=[POST]}" onto public java.lang.String org.springframework.samples.outreach.owner.OwnerController.createEmployee(org.springframework.samples.outreach.owner.Owners)
2019-10-02 17:53:33.965  INFO 78527 --- [restartedMain] s.w.s.m.m.a.RequestMappingHandlerMapping : Mapped "{[/owners],methods=[GET]}" onto public java.util.List<org.springframework.samples.outreach.owner.Owners> org.springframework.samples.outreach.owner.OwnerController.getAllOwners()
2019-10-02 17:53:33.965  INFO 78527 --- [restartedMain] s.w.s.m.m.a.RequestMappingHandlerMapping : Mapped "{[/owners/{ownerId}],methods=[GET]}" onto public java.util.Optional<org.springframework.samples.outreach.owner.Owners> org.springframework.samples.outreach.owner.OwnerController.findOwnerById(int)
2019-10-02 17:53:33.965  INFO 78527 --- [restartedMain] s.w.s.m.m.a.RequestMappingHandlerMapping : Mapped "{[/owners/delete/{id}],methods=[POST]}" onto public void org.springframework.samples.outreach.owner.OwnerController.deleteEmployeeById(int) throws java.lang.Exception
2019-10-02 17:53:33.967  INFO 78527 --- [restartedMain] s.w.s.m.m.a.RequestMappingHandlerMapping : Mapped "{[/qrcodes],methods=[GET]}" onto public java.util.List<org.springframework.samples.outreach.owner.QrCode> org.springframework.samples.outreach.owner.QrCodeController.getAllQrCodess()
2019-10-02 17:53:33.967  INFO 78527 --- [restartedMain] s.w.s.m.m.a.RequestMappingHandlerMapping : Mapped "{[/qrcodes/{ownerId}],methods=[GET]}" onto public java.util.Optional<org.springframework.samples.outreach.owner.QrCode> org.springframework.samples.outreach.owner.QrCodeController.findQrCodeById(int)
2019-10-02 17:53:33.967  INFO 78527 --- [restartedMain] s.w.s.m.m.a.RequestMappingHandlerMapping : Mapped "{[/oups],methods=[GET]}" onto public java.lang.String org.springframework.samples.outreach.system.CrashController.triggerException()
2019-10-02 17:53:33.968  INFO 78527 --- [restartedMain] s.w.s.m.m.a.RequestMappingHandlerMapping : Mapped "{[/],methods=[GET]}" onto public java.lang.String org.springframework.samples.outreach.system.WelcomeController.welcome()
2019-10-02 17:53:33.970  INFO 78527 --- [restartedMain] s.w.s.m.m.a.RequestMappingHandlerMapping : Mapped "{[/error]}" onto public org.springframework.http.ResponseEntity<java.util.Map<java.lang.String, java.lang.Object>> org.springframework.boot.autoconfigure.web.servlet.error.BasicErrorController.error(javax.servlet.http.HttpServletRequest)
2019-10-02 17:53:33.971  INFO 78527 --- [restartedMain] s.w.s.m.m.a.RequestMappingHandlerMapping : Mapped "{[/error],produces=[text/html]}" onto public org.springframework.web.servlet.ModelAndView org.springframework.boot.autoconfigure.web.servlet.error.BasicErrorController.errorHtml(javax.servlet.http.HttpServletRequest,javax.servlet.http.HttpServletResponse)
2019-10-02 17:53:33.986  INFO 78527 --- [restartedMain] o.s.w.s.handler.SimpleUrlHandlerMapping  : Mapped URL path [/webjars/**] onto handler of type [class org.springframework.web.servlet.resource.ResourceHttpRequestHandler]
2019-10-02 17:53:33.986  INFO 78527 --- [restartedMain] o.s.w.s.handler.SimpleUrlHandlerMapping  : Mapped URL path [/**] onto handler of type [class org.springframework.web.servlet.resource.ResourceHttpRequestHandler]
2019-10-02 17:53:34.002  INFO 78527 --- [restartedMain] o.s.w.s.handler.SimpleUrlHandlerMapping  : Mapped URL path [/**/favicon.ico] onto handler of type [class org.springframework.web.servlet.resource.ResourceHttpRequestHandler]
2019-10-02 17:53:34.115  INFO 78527 --- [restartedMain] o.s.b.d.a.OptionalLiveReloadServer       : LiveReload server is running on port 35729
2019-10-02 17:53:34.123  INFO 78527 --- [restartedMain] s.b.a.e.w.s.WebMvcEndpointHandlerMapping : Mapped "{[/actuator/health],methods=[GET],produces=[application/vnd.spring-boot.actuator.v2+json || application/json]}" onto public java.lang.Object org.springframework.boot.actuate.endpoint.web.servlet.AbstractWebMvcEndpointHandlerMapping$OperationHandler.handle(javax.servlet.http.HttpServletRequest,java.util.Map<java.lang.String, java.lang.String>)
2019-10-02 17:53:34.124  INFO 78527 --- [restartedMain] s.b.a.e.w.s.WebMvcEndpointHandlerMapping : Mapped "{[/actuator/info],methods=[GET],produces=[application/vnd.spring-boot.actuator.v2+json || application/json]}" onto public java.lang.Object org.springframework.boot.actuate.endpoint.web.servlet.AbstractWebMvcEndpointHandlerMapping$OperationHandler.handle(javax.servlet.http.HttpServletRequest,java.util.Map<java.lang.String, java.lang.String>)
2019-10-02 17:53:34.124  INFO 78527 --- [restartedMain] s.b.a.e.w.s.WebMvcEndpointHandlerMapping : Mapped "{[/actuator],methods=[GET],produces=[application/vnd.spring-boot.actuator.v2+json || application/json]}" onto protected java.util.Map<java.lang.String, java.util.Map<java.lang.String, org.springframework.boot.actuate.endpoint.web.Link>> org.springframework.boot.actuate.endpoint.web.servlet.WebMvcEndpointHandlerMapping.links(javax.servlet.http.HttpServletRequest,javax.servlet.http.HttpServletResponse)
2019-10-02 17:53:34.193  INFO 78527 --- [restartedMain] o.s.j.e.a.AnnotationMBeanExporter        : Registering beans for JMX exposure on startup
2019-10-02 17:53:34.194  INFO 78527 --- [restartedMain] o.s.j.e.a.AnnotationMBeanExporter        : Bean with name 'dataSource' has been autodetected for JMX exposure
2019-10-02 17:53:34.199  INFO 78527 --- [restartedMain] o.s.j.e.a.AnnotationMBeanExporter        : Located MBean 'dataSource': registering with JMX server as MBean [com.zaxxer.hikari:name=dataSource,type=HikariDataSource]
2019-10-02 17:53:34.207  INFO 78527 --- [restartedMain] o.s.b.w.embedded.tomcat.TomcatWebServer  : Tomcat started on port(s): 8080 (http) with context path ''
2019-10-02 17:53:34.208  INFO 78527 --- [restartedMain] o.s.s.outreach.OutReachApplication       : Started OutReachApplication in 1.093 seconds (JVM running for 3013.235)
2019-10-02 17:53:34.211  INFO 78527 --- [restartedMain] .ConditionEvaluationDeltaLoggingListener : Condition evaluation unchanged
2019-10-02 17:53:36.119  INFO 78527 --- [RMI TCP Connection(27)-127.0.0.1] o.a.c.c.C.[Tomcat].[localhost].[/]       : Initializing Spring FrameworkServlet 'dispatcherServlet'
2019-10-02 17:53:36.119  INFO 78527 --- [RMI TCP Connection(27)-127.0.0.1] o.s.web.servlet.DispatcherServlet        : FrameworkServlet 'dispatcherServlet': initialization started
2019-10-02 17:53:36.124  INFO 78527 --- [RMI TCP Connection(27)-127.0.0.1] o.s.web.servlet.DispatcherServlet        : FrameworkServlet 'dispatcherServlet': initialization completed in 5 ms
2019-10-02 17:55:21.719  INFO 78527 --- [RMI TCP Connection(68)-127.0.0.1] inMXBeanRegistrar$SpringApplicationAdmin : Application shutdown requested.
2019-10-02 17:55:21.719  INFO 78527 --- [RMI TCP Connection(68)-127.0.0.1] ConfigServletWebServerApplicationContext : Closing org.springframework.boot.web.servlet.context.AnnotationConfigServletWebServerApplicationContext@5020b9ac: startup date [Wed Oct 02 17:53:33 CDT 2019]; root of context hierarchy
2019-10-02 17:55:21.721  INFO 78527 --- [RMI TCP Connection(68)-127.0.0.1] o.s.j.e.a.AnnotationMBeanExporter        : Unregistering JMX-exposed beans on shutdown
2019-10-02 17:55:21.721  INFO 78527 --- [RMI TCP Connection(68)-127.0.0.1] o.s.j.e.a.AnnotationMBeanExporter        : Unregistering JMX-exposed beans
2019-10-02 17:55:21.722  INFO 78527 --- [RMI TCP Connection(68)-127.0.0.1] j.LocalContainerEntityManagerFactoryBean : Closing JPA EntityManagerFactory for persistence unit 'default'
2019-10-02 17:55:21.723  INFO 78527 --- [RMI TCP Connection(68)-127.0.0.1] com.zaxxer.hikari.HikariDataSource       : HikariPool-2 - Shutdown initiated...
2019-10-02 17:55:21.737  INFO 78527 --- [RMI TCP Connection(68)-127.0.0.1] com.zaxxer.hikari.HikariDataSource       : HikariPool-2 - Shutdown completed.
